Building DAG of jobs...
Using shell: /usr/bin/bash
Provided cores: 4
Rules claiming more threads will be scaled down.
Conda environments: ignored
Job stats:
job              count    min threads    max threads
-------------  -------  -------------  -------------
myporechopABI        1              1              1
total                1              1              1

Select jobs to execute...

[Wed Apr 26 14:54:05 2023]
rule myporechopABI:
    input: PorechopABI/fastq_runid_211de24bb98b581ec357aee6dd1409fc7b321927_0_0.fastq
    output: PorechopABI/ouput_reads.fastq
    jobid: 0
    reason: Missing output files: PorechopABI/ouput_reads.fastq
    resources: tmpdir=/tmp

[Wed Apr 26 14:54:05 2023]
Error in rule myporechopABI:
    jobid: 0
    input: PorechopABI/fastq_runid_211de24bb98b581ec357aee6dd1409fc7b321927_0_0.fastq
    output: PorechopABI/ouput_reads.fastq
    conda-env: envs/porechop_abi
    shell:
        porechop_abi -abi -i PorechopABI/fastq_runid_211de24bb98b581ec357aee6dd1409fc7b321927_0_0.fastq            -o PorechopABI/ouput_reads.fastq > Log_file.txt 2>&1
        (one of the commands exited with non-zero exit code; note that snakemake uses bash strict mode!)

Shutting down, this might take some time.
Exiting because a job execution failed. Look above for error message
Complete log: .snakemake/log/2023-04-26T145405.102107.snakemake.log
