Config file config_snakemake.yaml is extended by additional config specified via the command line.
Building DAG of jobs...
Using shell: /usr/bin/bash
Provided cores: 8
Rules claiming more threads will be scaled down.
Job stats:
job      count    min threads    max threads
-----  -------  -------------  -------------
all          1              1              1
total        1              1              1

Select jobs to execute...

[Wed May  3 12:28:16 2023]
localrule all:
    input: reports/Results.html
    jobid: 0
    reason: Forced execution
    resources: tmpdir=/tmp

[Wed May  3 12:28:17 2023]
Finished job 0.
1 of 1 steps (100%) done
Complete log: .snakemake/log/2023-05-03T122816.478707.snakemake.log
