Building DAG of jobs...
Using shell: /usr/bin/bash
Provided cores: 8
Rules claiming more threads will be scaled down.
Job stats:
job                     count    min threads    max threads
--------------------  -------  -------------  -------------
DiamondAlignmentATP6        1              1              1
StatisticsToHTML            1              1              1
all                         1              1              1
total                       3              1              1

Select jobs to execute...

[Tue May  9 17:03:55 2023]
rule DiamondAlignmentATP6:
    input: SACRAResults/fastq_runid_211SacraResultsFiltered.fasta
    output: Diamond/fastq_runid_211DiamondATP6.csv, Diamond/fastq_runid_211DiamondATP8.csv
    jobid: 6
    reason: Missing output files: Diamond/fastq_runid_211DiamondATP8.csv, Diamond/fastq_runid_211DiamondATP6.csv; Code has changed since last execution
    resources: tmpdir=/tmp

RuleException in rule DiamondAlignmentATP6 in file /home/guillaume/ChimereNanoporePipeline/Snakefile, line 100:
AttributeError: 'OutputFiles' object has no attribute 'DiamondAliATP6', when formatting the following:

        diamond blastx -d Diamond/DB/ATP6 -q {input.sacraF} -k {params.k} -f {params.f} -o {output.DiamondAliATP6}
        diamond blastx -d Diamond/DB/ATP8 -q {input.sacraF} -k {params.k} -f {params.f} -o {output.DiamondAliATP8}
        
