The flag 'directory' used in rule all is only valid for outputs, not inputs.
Building DAG of jobs...
Using shell: /usr/bin/bash
Provided cores: 8
Rules claiming more threads will be scaled down.
Job stats:
job            count    min threads    max threads
-----------  -------  -------------  -------------
ProwlerTrim        1              1              1
all                1              1              1
total              2              1              1

Select jobs to execute...

[Mon May  1 20:01:39 2023]
rule ProwlerTrim:
    input: PorechopABI/Output_reads.fastq
    output: ProwlerProcessed
    jobid: 3
    reason: Missing output files: ProwlerProcessed
    resources: tmpdir=/tmp

Waiting at most 5 seconds for missing files.
MissingOutputException in rule ProwlerTrim in file /home/guillaume/ChimereNanoporePipeline/Snakefile, line 30:
Job 3  completed successfully, but some output files are missing. Missing files after 5 seconds. This might be due to filesystem latency. If that is the case, consider to increase the wait time with --latency-wait:
ProwlerProcessed
Shutting down, this might take some time.
Exiting because a job execution failed. Look above for error message
Complete log: .snakemake/log/2023-05-01T200138.671572.snakemake.log
