The flag 'directory' used in rule all is only valid for outputs, not inputs.
Building DAG of jobs...
Using shell: /usr/bin/bash
Provided cores: 8
Rules claiming more threads will be scaled down.
Job stats:
job                 count    min threads    max threads
----------------  -------  -------------  -------------
StatisticsToHTML        1              1              1
all                     1              1              1
total                   2              1              1

Select jobs to execute...

[Tue May  2 14:43:46 2023]
rule StatisticsToHTML:
    input: reports/Statistics.txt
    output: reports/Results.html
    jobid: 1
    reason: Missing output files: reports/Results.html
    resources: tmpdir=/tmp

[Tue May  2 14:43:46 2023]
Error in rule StatisticsToHTML:
    jobid: 1
    input: reports/Statistics.txt
    output: reports/Results.html

Shutting down, this might take some time.
Exiting because a job execution failed. Look above for error message
Complete log: .snakemake/log/2023-05-02T144345.156679.snakemake.log
