Building DAG of jobs...
Using shell: /usr/bin/bash
Provided cores: 6
Rules claiming more threads will be scaled down.
Job stats:
job                 count    min threads    max threads
----------------  -------  -------------  -------------
FilterFastaSACRA        1              1              1
StatisticsToHTML        1              1              1
all                     1              1              1
total                   3              1              1

Select jobs to execute...

[Fri May  5 16:43:50 2023]
rule FilterFastaSACRA:
    input: SACRAResults/fastq_runid_211SacraResults.fasta
    output: SACRAResults/fastq_runid_211SacraResultsFiltered.fasta
    jobid: 5
    reason: Missing output files: SACRAResults/fastq_runid_211SacraResultsFiltered.fasta
    resources: tmpdir=/tmp

[Fri May  5 16:43:53 2023]
Finished job 5.
1 of 3 steps (33%) done
Select jobs to execute...

[Fri May  5 16:43:53 2023]
rule StatisticsToHTML:
    input: reports/fastq_runid_211Statistics.txt, PorechopABI/fastq_runid_211PoreChopReads.fastq, ProwlerProcessed/fastq_runid_211PoreChopReadsTrimLT-U0-D7W100L100R0.fasta, ProwlerProcessed/fastq_runid_211PoreChopReadsTrimLT-U0-D7W100L100R0.fasta.split.fasta, ProwlerProcessed/fastq_runid_211PoreChopReadsTrimLT-U0-D7W100L100R0.fasta.non_chimera.fasta, SACRAResults/fastq_runid_211SacraResultsFiltered.fasta
    output: reports/fastq_runid_211Results.html
    jobid: 1
    reason: Input files updated by another job: SACRAResults/fastq_runid_211SacraResultsFiltered.fasta; Set of input files has changed since last execution; Code has changed since last execution
    resources: tmpdir=/tmp

[Fri May  5 16:43:55 2023]
Finished job 1.
2 of 3 steps (67%) done
Select jobs to execute...

[Fri May  5 16:43:55 2023]
localrule all:
    input: reports/fastq_runid_211Results.html
    jobid: 0
    reason: Input files updated by another job: reports/fastq_runid_211Results.html
    resources: tmpdir=/tmp

[Fri May  5 16:43:55 2023]
Finished job 0.
3 of 3 steps (100%) done
Complete log: .snakemake/log/2023-05-05T164348.271606.snakemake.log
