The flag 'directory' used in rule all is only valid for outputs, not inputs.
Building DAG of jobs...
Using shell: /usr/bin/bash
Provided cores: 8
Rules claiming more threads will be scaled down.
Job stats:
job                 count    min threads    max threads
----------------  -------  -------------  -------------
ProwlerTrim             1              1              1
SACRAcall               1              1              1
StatisticsToHTML        1              1              1
all                     1              1              1
porechopABIcall         1              1              1
total                   5              1              1

Select jobs to execute...

[Tue May  2 16:38:27 2023]
rule porechopABIcall:
    input: PorechopABI/fastq_runid_211de24bb98b581ec357aee6dd1409fc7b321927_0_0.fastq
    output: PorechopABI/Output_reads.fastq, reports/Statistics.txt
    jobid: 1
    reason: Forced execution
    resources: tmpdir=/tmp

Activating conda environment: .snakemake/conda/8ff5eb033241f5889665bcedcbfab59f_

[Tue May  2 16:38:27 2023]
rule SACRAcall:
    input: scripts, ProwlerProcessed/Output_readsTrimLT-U0-D7W100L100R0.fasta
    output: SACRAResults/sacra_results.fasta
    jobid: 4
    reason: Forced execution
    resources: tmpdir=/tmp

Activating conda environment: .snakemake/conda/f655fa01c3df1c861f181a2fd0ee0401_
Terminating processes on user request, this might take some time.
[Tue May  2 16:38:32 2023]
Error in rule SACRAcall:
    jobid: 4
    input: scripts, ProwlerProcessed/Output_readsTrimLT-U0-D7W100L100R0.fasta
    output: SACRAResults/sacra_results.fasta
    conda-env: /home/guillaume/ChimereNanoporePipeline/.snakemake/conda/f655fa01c3df1c861f181a2fd0ee0401_
    shell:
        scripts/SACRA.sh -i ProwlerProcessed/Output_readsTrimLT-U0-D7W100L100R0.fasta -p SACRAResults/sacra_results.fasta -t 6 -c config_sacra.yml
        (one of the commands exited with non-zero exit code; note that snakemake uses bash strict mode!)

[Tue May  2 16:38:32 2023]
Error in rule porechopABIcall:
    jobid: 1
    input: PorechopABI/fastq_runid_211de24bb98b581ec357aee6dd1409fc7b321927_0_0.fastq
    output: PorechopABI/Output_reads.fastq, reports/Statistics.txt
    conda-env: /home/guillaume/ChimereNanoporePipeline/.snakemake/conda/8ff5eb033241f5889665bcedcbfab59f_
    shell:
        porechop_abi -abi -i PorechopABI/fastq_runid_211de24bb98b581ec357aee6dd1409fc7b321927_0_0.fastq -o PorechopABI/Output_reads.fastq > reports/Statistics.txt 2>&1
        (one of the commands exited with non-zero exit code; note that snakemake uses bash strict mode!)

Complete log: .snakemake/log/2023-05-02T163826.099535.snakemake.log
