Building DAG of jobs...
Using shell: /usr/bin/bash
Provided cores: 8
Rules claiming more threads will be scaled down.
Job stats:
job                 count    min threads    max threads
----------------  -------  -------------  -------------
StatisticsToHTML        1              1              1
all                     1              1              1
porechopABI_call        1              1              1
total                   3              1              1

Select jobs to execute...

[Fri Apr 28 10:06:24 2023]
rule porechopABI_call:
    input: PorechopABI/fastq_runid_211de24bb98b581ec357aee6dd1409fc7b321927_0_0.fastq
    output: PorechopABI/Output_reads.fastq, reports/Statistics.txt
    jobid: 2
    reason: Missing output files: reports/Statistics.txt
    resources: tmpdir=/tmp

Activating conda environment: porechop_abi
[Fri Apr 28 10:07:56 2023]
Finished job 2.
1 of 3 steps (33%) done
Select jobs to execute...

[Fri Apr 28 10:07:56 2023]
rule StatisticsToHTML:
    input: reports/Statistics.txt
    output: reports/Results.html
    jobid: 1
    reason: Missing output files: reports/Results.html; Input files updated by another job: reports/Statistics.txt
    resources: tmpdir=/tmp

[Fri Apr 28 10:07:57 2023]
Error in rule StatisticsToHTML:
    jobid: 1
    input: reports/Statistics.txt
    output: reports/Results.html

Shutting down, this might take some time.
Exiting because a job execution failed. Look above for error message
Complete log: .snakemake/log/2023-04-28T100624.488376.snakemake.log
