Building DAG of jobs...
Using shell: /usr/bin/bash
Provided cores: 8
Rules claiming more threads will be scaled down.
Job stats:
job                 count    min threads    max threads
----------------  -------  -------------  -------------
ProwlerTrim             1              1              1
SACRAcall               1              1              1
StatisticsToHTML        1              1              1
all                     1              1              1
total                   4              1              1

Select jobs to execute...

[Wed May  3 10:09:16 2023]
rule ProwlerTrim:
    input: PorechopABI/Output_reads.fastq
    output: ProwlerProcessed/Output_readsTrimLT-U0-D7W100L100R0.fasta
    jobid: 2
    reason: Forced execution
    resources: tmpdir=/tmp

[Wed May  3 10:09:18 2023]
Finished job 2.
1 of 4 steps (25%) done
Select jobs to execute...

[Wed May  3 10:09:18 2023]
rule SACRAcall:
    input: ProwlerProcessed/Output_readsTrimLT-U0-D7W100L100R0.fasta
    output: SACRAResults/sacra_results.fasta
    jobid: 3
    reason: Input files updated by another job: ProwlerProcessed/Output_readsTrimLT-U0-D7W100L100R0.fasta
    resources: tmpdir=/tmp

Activating conda environment: .snakemake/conda/f655fa01c3df1c861f181a2fd0ee0401_
[Wed May  3 10:12:32 2023]
Finished job 3.
2 of 4 steps (50%) done
Select jobs to execute...

[Wed May  3 10:12:32 2023]
rule StatisticsToHTML:
    input: reports/Statistics.txt, PorechopABI/Output_reads.fastq, ProwlerProcessed/Output_readsTrimLT-U0-D7W100L100R0.fasta, SACRAResults/sacra_results.fasta
    output: reports/Results.html
    jobid: 1
    reason: Input files updated by another job: ProwlerProcessed/Output_readsTrimLT-U0-D7W100L100R0.fasta, SACRAResults/sacra_results.fasta
    resources: tmpdir=/tmp

[Wed May  3 10:12:33 2023]
Finished job 1.
3 of 4 steps (75%) done
Select jobs to execute...

[Wed May  3 10:12:33 2023]
localrule all:
    input: reports/Results.html
    jobid: 0
    reason: Input files updated by another job: reports/Results.html
    resources: tmpdir=/tmp

[Wed May  3 10:12:33 2023]
Finished job 0.
4 of 4 steps (100%) done
Complete log: .snakemake/log/2023-05-03T100915.528246.snakemake.log
