Building DAG of jobs...
Using shell: /usr/bin/bash
Provided cores: 8
Rules claiming more threads will be scaled down.
Job stats:
job                 count    min threads    max threads
----------------  -------  -------------  -------------
StatisticsToHTML        1              1              1
all                     1              1              1
porechopABIcall         1              1              1
total                   3              1              1

Select jobs to execute...

[Sat May 13 11:25:33 2023]
rule porechopABIcall:
    input: PorechopABI/fastq_runid_211/fastq_runid_211Concatfiles.fastq
    output: PorechopABI/fastq_runid_211/fastq_runid_211PoreChopReads.fastq, reports/fastq_runid_211/fastq_runid_211Statistics.txt
    jobid: 2
    reason: Forced execution
    resources: tmpdir=/tmp

Activating conda environment: .snakemake/conda/2d5175163c35337e572d841e1046dee7_
Terminating processes on user request, this might take some time.
[Sat May 13 11:25:58 2023]
Error in rule porechopABIcall:
    jobid: 2
    input: PorechopABI/fastq_runid_211/fastq_runid_211Concatfiles.fastq
    output: PorechopABI/fastq_runid_211/fastq_runid_211PoreChopReads.fastq, reports/fastq_runid_211/fastq_runid_211Statistics.txt
    conda-env: /home/guillaume/ChimereNanoporePipeline/.snakemake/conda/2d5175163c35337e572d841e1046dee7_
    shell:
        porechop_abi -abi -i PorechopABI/fastq_runid_211/fastq_runid_211Concatfiles.fastq -o PorechopABI/fastq_runid_211/fastq_runid_211PoreChopReads.fastq > reports/fastq_runid_211/fastq_runid_211Statistics.txt 2>&1
        (one of the commands exited with non-zero exit code; note that snakemake uses bash strict mode!)

Complete log: .snakemake/log/2023-05-13T112530.972203.snakemake.log
