Building DAG of jobs...
Using shell: /usr/bin/bash
Provided cores: 8
Rules claiming more threads will be scaled down.
Job stats:
job                 count    min threads    max threads
----------------  -------  -------------  -------------
StatisticsToHTML        1              1              1
all                     1              1              1
total                   2              1              1

Select jobs to execute...

[Mon May 15 15:41:43 2023]
rule StatisticsToHTML:
    input: reports/fastq_runid_211/PorechopABI/fastq_runid_211de24bb98b581ec357aee6dd1409fc7b321927_1_0Statistics.txt, PorechopABI/fastq_runid_211, ProwlerProcessed/fastq_runid_211, SACRAResults/fastq_runid_211SacraResultsFiltered.fasta, Diamond/fastq_runid_211/fastq_runid_211Diamond_ATP6.csv, Diamond/fastq_runid_211/fastq_runid_211Diamond_ATP8.csv, Diamond/fastq_runid_211/fastq_runid_211Diamond_COX1.csv, Diamond/fastq_runid_211/fastq_runid_211Diamond_COX2.csv, Diamond/fastq_runid_211/fastq_runid_211Diamond_COX3.csv, Diamond/fastq_runid_211/fastq_runid_211Diamond_CYTB.csv, Diamond/fastq_runid_211/fastq_runid_211Diamond_NAD1.csv, Diamond/fastq_runid_211/fastq_runid_211Diamond_NAD2.csv, Diamond/fastq_runid_211/fastq_runid_211Diamond_NAD3.csv, Diamond/fastq_runid_211/fastq_runid_211Diamond_NAD4.csv, Diamond/fastq_runid_211/fastq_runid_211Diamond_NAD4L.csv, Diamond/fastq_runid_211/fastq_runid_211Diamond_NAD5.csv, Diamond/fastq_runid_211/fastq_runid_211Diamond_NAD6.csv, AssemblyFasta/fastq_runid_211FastaForAssembly.fasta
    output: reports/fastq_runid_211/fastq_runid_211Results.html
    jobid: 7
    reason: Missing output files: reports/fastq_runid_211/fastq_runid_211Results.html
    resources: tmpdir=/tmp

[Mon May 15 15:41:45 2023]
Finished job 7.
1 of 2 steps (50%) done
Select jobs to execute...

[Mon May 15 15:41:45 2023]
localrule all:
    input: SACRAResults/fastq_runid_211/fastq_runid_211de24bb98b581ec357aee6dd1409fc7b321927_0_0SacraResults.fasta, SACRAResults/fastq_runid_211/fastq_runid_211de24bb98b581ec357aee6dd1409fc7b321927_1_0SacraResults.fasta, reports/fastq_runid_211/fastq_runid_211Results.html
    jobid: 0
    reason: Input files updated by another job: reports/fastq_runid_211/fastq_runid_211Results.html
    resources: tmpdir=/tmp

[Mon May 15 15:41:45 2023]
Finished job 0.
2 of 2 steps (100%) done
Complete log: .snakemake/log/2023-05-15T154142.491237.snakemake.log
