Building DAG of jobs...
Using shell: /usr/bin/bash
Provided cores: 8
Rules claiming more threads will be scaled down.
Job stats:
job            count    min threads    max threads
-----------  -------  -------------  -------------
3                  1              1              1
5                  1              1              1
7                  1              1              1
ConcatFiles        1              1              1
all                1              1              1
total              5              1              1

Select jobs to execute...

[Mon May 15 09:29:17 2023]
rule 3:
    input: Cmaenas_minion_data/fastq_runid_211de24bb98b581ec357aee6dd1409fc7b321927_1_0.fastq
    output: PorechopABI/fastq_runid_211/fastq_runid_211de24bb98b581ec357aee6dd1409fc7b321927_1_0PoreChopReads.fastq, reports/fastq_runid_211/fastq_runid_211de24bb98b581ec357aee6dd1409fc7b321927_1_0Statistics.txt
    jobid: 4
    reason: Forced execution
    resources: tmpdir=/tmp

Activating conda environment: .snakemake/conda/2d5175163c35337e572d841e1046dee7_
[Mon May 15 09:30:45 2023]
Finished job 4.
1 of 5 steps (20%) done
Select jobs to execute...

[Mon May 15 09:30:45 2023]
rule 5:
    input: PorechopABI/fastq_runid_211/fastq_runid_211de24bb98b581ec357aee6dd1409fc7b321927_1_0PoreChopReads.fastq
    output: ProwlerProcessed/fastq_runid_211/fastq_runid_211de24bb98b581ec357aee6dd1409fc7b321927_1_0PoreChopReadsTrimLT-U0-D7W100L100R0.fasta
    jobid: 3
    reason: Input files updated by another job: PorechopABI/fastq_runid_211/fastq_runid_211de24bb98b581ec357aee6dd1409fc7b321927_1_0PoreChopReads.fastq
    resources: tmpdir=/tmp

[Mon May 15 09:30:46 2023]
Finished job 3.
2 of 5 steps (40%) done
Select jobs to execute...

[Mon May 15 09:30:46 2023]
rule 7:
    input: ProwlerProcessed/fastq_runid_211/fastq_runid_211de24bb98b581ec357aee6dd1409fc7b321927_1_0PoreChopReadsTrimLT-U0-D7W100L100R0.fasta
    output: SACRAResults/fastq_runid_211/fastq_runid_211de24bb98b581ec357aee6dd1409fc7b321927_1_0SacraResults.fasta, ProwlerProcessed/fastq_runid_211/fastq_runid_211de24bb98b581ec357aee6dd1409fc7b321927_1_0PoreChopReadsTrimLT-U0-D7W100L100R0.fasta.split.fasta, ProwlerProcessed/fastq_runid_211/fastq_runid_211de24bb98b581ec357aee6dd1409fc7b321927_1_0PoreChopReadsTrimLT-U0-D7W100L100R0.fasta.non_chimera.fasta
    jobid: 2
    reason: Input files updated by another job: ProwlerProcessed/fastq_runid_211/fastq_runid_211de24bb98b581ec357aee6dd1409fc7b321927_1_0PoreChopReadsTrimLT-U0-D7W100L100R0.fasta
    resources: tmpdir=/tmp

Activating conda environment: .snakemake/conda/ddb7645d0f5a0c54a3d1f714666cff46_
[Mon May 15 09:33:45 2023]
Finished job 2.
3 of 5 steps (60%) done
Select jobs to execute...

[Mon May 15 09:33:45 2023]
rule ConcatFiles:
    input: SACRAResults/fastq_runid_211, SACRAResults/fastq_runid_211/fastq_runid_211de24bb98b581ec357aee6dd1409fc7b321927_1_0SacraResults.fasta
    output: SACRAResults/fastq_runid_211Concatfiles.fastq
    jobid: 1
    reason: Missing output files: SACRAResults/fastq_runid_211Concatfiles.fastq; Input files updated by another job: SACRAResults/fastq_runid_211/fastq_runid_211de24bb98b581ec357aee6dd1409fc7b321927_1_0SacraResults.fasta
    resources: tmpdir=/tmp

Shutting down, this might take some time.
Exiting because a job execution failed. Look above for error message
Complete log: .snakemake/log/2023-05-15T092915.837637.snakemake.log
