Building DAG of jobs...
Using shell: /usr/bin/bash
Provided cores: 8
Rules claiming more threads will be scaled down.
Job stats:
job                 count    min threads    max threads
----------------  -------  -------------  -------------
2                       1              1              1
3                       1              1              1
4                       1              1              1
5                       1              1              1
6                       1              1              1
7                       1              1              1
ConcatFiles             1              1              1
DiamondAlignment        1              1              1
FilterFastaSACRA        1              1              1
FilteringDIAMOND        1              1              1
StatisticsToHTML        1              1              1
all                     1              1              1
total                  12              1              1

Select jobs to execute...

[Mon May 15 16:41:20 2023]
rule 2:
    input: Cmaenas_minion_data/fastq_runid_211de24bb98b581ec357aee6dd1409fc7b321927_1_0.fastq
    output: PorechopABI/fastq_runid_211/fastq_runid_211de24bb98b581ec357aee6dd1409fc7b321927_1_0PoreChopReads.fastq, reports/fastq_runid_211/PorechopABI/fastq_runid_211de24bb98b581ec357aee6dd1409fc7b321927_1_0Statistics.txt
    jobid: 3
    reason: Missing output files: PorechopABI/fastq_runid_211/fastq_runid_211de24bb98b581ec357aee6dd1409fc7b321927_1_0PoreChopReads.fastq
    resources: tmpdir=/tmp

Activating conda environment: .snakemake/conda/2d5175163c35337e572d841e1046dee7_

[Mon May 15 16:41:20 2023]
rule 3:
    input: Cmaenas_minion_data/fastq_runid_211de24bb98b581ec357aee6dd1409fc7b321927_0_0.fastq
    output: PorechopABI/fastq_runid_211/fastq_runid_211de24bb98b581ec357aee6dd1409fc7b321927_0_0PoreChopReads.fastq, reports/fastq_runid_211/PorechopABI/fastq_runid_211de24bb98b581ec357aee6dd1409fc7b321927_0_0Statistics.txt
    jobid: 6
    reason: Missing output files: PorechopABI/fastq_runid_211/fastq_runid_211de24bb98b581ec357aee6dd1409fc7b321927_0_0PoreChopReads.fastq
    resources: tmpdir=/tmp

Activating conda environment: .snakemake/conda/2d5175163c35337e572d841e1046dee7_
[Mon May 15 16:43:19 2023]
Finished job 3.
1 of 12 steps (8%) done
Select jobs to execute...

[Mon May 15 16:43:19 2023]
rule 4:
    input: PorechopABI/fastq_runid_211/fastq_runid_211de24bb98b581ec357aee6dd1409fc7b321927_1_0PoreChopReads.fastq
    output: ProwlerProcessed/fastq_runid_211/fastq_runid_211de24bb98b581ec357aee6dd1409fc7b321927_1_0PoreChopReadsTrimLT-U0-D7W100L100R0.fasta
    jobid: 2
    reason: Missing output files: ProwlerProcessed/fastq_runid_211/fastq_runid_211de24bb98b581ec357aee6dd1409fc7b321927_1_0PoreChopReadsTrimLT-U0-D7W100L100R0.fasta; Input files updated by another job: PorechopABI/fastq_runid_211/fastq_runid_211de24bb98b581ec357aee6dd1409fc7b321927_1_0PoreChopReads.fastq
    resources: tmpdir=/tmp

[Mon May 15 16:43:20 2023]
Finished job 6.
2 of 12 steps (17%) done
Select jobs to execute...

[Mon May 15 16:43:20 2023]
rule 5:
    input: PorechopABI/fastq_runid_211/fastq_runid_211de24bb98b581ec357aee6dd1409fc7b321927_0_0PoreChopReads.fastq
    output: ProwlerProcessed/fastq_runid_211/fastq_runid_211de24bb98b581ec357aee6dd1409fc7b321927_0_0PoreChopReadsTrimLT-U0-D7W100L100R0.fasta
    jobid: 5
    reason: Missing output files: ProwlerProcessed/fastq_runid_211/fastq_runid_211de24bb98b581ec357aee6dd1409fc7b321927_0_0PoreChopReadsTrimLT-U0-D7W100L100R0.fasta; Input files updated by another job: PorechopABI/fastq_runid_211/fastq_runid_211de24bb98b581ec357aee6dd1409fc7b321927_0_0PoreChopReads.fastq
    resources: tmpdir=/tmp

[Mon May 15 16:43:21 2023]
Finished job 2.
3 of 12 steps (25%) done
Select jobs to execute...

[Mon May 15 16:43:21 2023]
rule 6:
    input: ProwlerProcessed/fastq_runid_211/fastq_runid_211de24bb98b581ec357aee6dd1409fc7b321927_1_0PoreChopReadsTrimLT-U0-D7W100L100R0.fasta
    output: SACRAResults/fastq_runid_211/fastq_runid_211de24bb98b581ec357aee6dd1409fc7b321927_1_0SacraResults.fasta
    jobid: 1
    reason: Missing output files: SACRAResults/fastq_runid_211/fastq_runid_211de24bb98b581ec357aee6dd1409fc7b321927_1_0SacraResults.fasta; Input files updated by another job: ProwlerProcessed/fastq_runid_211/fastq_runid_211de24bb98b581ec357aee6dd1409fc7b321927_1_0PoreChopReadsTrimLT-U0-D7W100L100R0.fasta; Code has changed since last execution
    resources: tmpdir=/tmp

Activating conda environment: .snakemake/conda/ddb7645d0f5a0c54a3d1f714666cff46_
[Mon May 15 16:43:21 2023]
Error in rule 6:
    jobid: 1
    input: ProwlerProcessed/fastq_runid_211/fastq_runid_211de24bb98b581ec357aee6dd1409fc7b321927_1_0PoreChopReadsTrimLT-U0-D7W100L100R0.fasta
    output: SACRAResults/fastq_runid_211/fastq_runid_211de24bb98b581ec357aee6dd1409fc7b321927_1_0SacraResults.fasta
    conda-env: /home/guillaume/ChimereNanoporePipeline/.snakemake/conda/ddb7645d0f5a0c54a3d1f714666cff46_
    shell:
        
            scripts/SACRA.sh -i ProwlerProcessed/fastq_runid_211/fastq_runid_211de24bb98b581ec357aee6dd1409fc7b321927_1_0PoreChopReadsTrimLT-U0-D7W100L100R0.fasta -p SACRAResults/fastq_runid_211/fastq_runid_211de24bb98b581ec357aee6dd1409fc7b321927_1_0SacraResults.fasta -t 6 -c config_snakemake.yml
            rm ProwlerProcessed/fastq_runid_211/fastq_runid_211de24bb98b581ec357aee6dd1409fc7b321927_1_0PoreChopReadsTrimLT-U0-D7W100L100R0.fasta.blasttab* ProwlerProcessed/fastq_runid_211/fastq_runid_211de24bb98b581ec357aee6dd1409fc7b321927_1_0PoreChopReadsTrimLT-U0-D7W100L100R0.fasta.bck ProwlerProcessed/fastq_runid_211/fastq_runid_211de24bb98b581ec357aee6dd1409fc7b321927_1_0PoreChopReadsTrimLT-U0-D7W100L100R0.fasta.des ProwlerProcessed/fastq_runid_211/fastq_runid_211de24bb98b581ec357aee6dd1409fc7b321927_1_0PoreChopReadsTrimLT-U0-D7W100L100R0.fasta.prj ProwlerProcessed/fastq_runid_211/fastq_runid_211de24bb98b581ec357aee6dd1409fc7b321927_1_0PoreChopReadsTrimLT-U0-D7W100L100R0.fasta.sds ProwlerProcessed/fastq_runid_211/fastq_runid_211de24bb98b581ec357aee6dd1409fc7b321927_1_0PoreChopReadsTrimLT-U0-D7W100L100R0.fasta.ssp ProwlerProcessed/fastq_runid_211/fastq_runid_211de24bb98b581ec357aee6dd1409fc7b321927_1_0PoreChopReadsTrimLT-U0-D7W100L100R0.fasta.suf ProwlerProcessed/fastq_runid_211/fastq_runid_211de24bb98b581ec357aee6dd1409fc7b321927_1_0PoreChopReadsTrimLT-U0-D7W100L100R0.fasta.tis
            
        (one of the commands exited with non-zero exit code; note that snakemake uses bash strict mode!)

Removing output files of failed job 6 since they might be corrupted:
SACRAResults/fastq_runid_211/fastq_runid_211de24bb98b581ec357aee6dd1409fc7b321927_1_0SacraResults.fasta
[Mon May 15 16:43:21 2023]
Finished job 5.
4 of 12 steps (33%) done
Shutting down, this might take some time.
Exiting because a job execution failed. Look above for error message
Complete log: .snakemake/log/2023-05-15T164119.002694.snakemake.log
