Building DAG of jobs...
Using shell: /usr/bin/bash
Provided cores: 8
Rules claiming more threads will be scaled down.
Job stats:
job      count    min threads    max threads
-----  -------  -------------  -------------
2            1              1              1
3            1              1              1
4            1              1              1
5            1              1              1
6            1              1              1
7            1              1              1
all          1              1              1
total        7              1              1

Select jobs to execute...

[Sun May 14 13:38:57 2023]
rule 2:
    input: Cmaenas_minion_data/fastq_runid_211de24bb98b581ec357aee6dd1409fc7b321927_0_0.fastq
    output: PorechopABI/fastq_runid_211/fastq_runid_211de24bb98b581ec357aee6dd1409fc7b321927_0_0PoreChopReads.fastq, reports/fastq_runid_211/fastq_runid_211de24bb98b581ec357aee6dd1409fc7b321927_0_0Statistics.txt
    jobid: 3
    reason: Forced execution
    resources: tmpdir=/tmp

Activating conda environment: .snakemake/conda/2d5175163c35337e572d841e1046dee7_

[Sun May 14 13:38:57 2023]
rule 3:
    input: Cmaenas_minion_data/fastq_runid_211de24bb98b581ec357aee6dd1409fc7b321927_1_0.fastq
    output: PorechopABI/fastq_runid_211/fastq_runid_211de24bb98b581ec357aee6dd1409fc7b321927_1_0PoreChopReads.fastq, reports/fastq_runid_211/fastq_runid_211de24bb98b581ec357aee6dd1409fc7b321927_1_0Statistics.txt
    jobid: 6
    reason: Forced execution
    resources: tmpdir=/tmp

Activating conda environment: .snakemake/conda/2d5175163c35337e572d841e1046dee7_
[Sun May 14 13:40:54 2023]
Finished job 3.
1 of 7 steps (14%) done
Select jobs to execute...

[Sun May 14 13:40:54 2023]
rule 4:
    input: PorechopABI/fastq_runid_211/fastq_runid_211de24bb98b581ec357aee6dd1409fc7b321927_0_0PoreChopReads.fastq
    output: ProwlerProcessed/fastq_runid_211/fastq_runid_211de24bb98b581ec357aee6dd1409fc7b321927_0_0PoreChopReadsTrimLT-U0-D7W100L100R0.fasta
    jobid: 2
    reason: Input files updated by another job: PorechopABI/fastq_runid_211/fastq_runid_211de24bb98b581ec357aee6dd1409fc7b321927_0_0PoreChopReads.fastq
    resources: tmpdir=/tmp

[Sun May 14 13:40:55 2023]
Finished job 6.
2 of 7 steps (29%) done
Select jobs to execute...

[Sun May 14 13:40:55 2023]
rule 5:
    input: PorechopABI/fastq_runid_211/fastq_runid_211de24bb98b581ec357aee6dd1409fc7b321927_1_0PoreChopReads.fastq
    output: ProwlerProcessed/fastq_runid_211/fastq_runid_211de24bb98b581ec357aee6dd1409fc7b321927_1_0PoreChopReadsTrimLT-U0-D7W100L100R0.fasta
    jobid: 5
    reason: Input files updated by another job: PorechopABI/fastq_runid_211/fastq_runid_211de24bb98b581ec357aee6dd1409fc7b321927_1_0PoreChopReads.fastq
    resources: tmpdir=/tmp

[Sun May 14 13:40:56 2023]
Finished job 2.
3 of 7 steps (43%) done
Select jobs to execute...

[Sun May 14 13:40:56 2023]
rule 6:
    input: ProwlerProcessed/fastq_runid_211/fastq_runid_211de24bb98b581ec357aee6dd1409fc7b321927_0_0PoreChopReadsTrimLT-U0-D7W100L100R0.fasta
    output: SACRAResults/fastq_runid_211/fastq_runid_211de24bb98b581ec357aee6dd1409fc7b321927_0_0SacraResults.fasta, ProwlerProcessed/fastq_runid_211/fastq_runid_211de24bb98b581ec357aee6dd1409fc7b321927_0_0PoreChopReadsTrimLT-U0-D7W100L100R0.fasta.split.fasta, ProwlerProcessed/fastq_runid_211/fastq_runid_211de24bb98b581ec357aee6dd1409fc7b321927_0_0PoreChopReadsTrimLT-U0-D7W100L100R0.fasta.non_chimera.fasta
    jobid: 1
    reason: Input files updated by another job: ProwlerProcessed/fastq_runid_211/fastq_runid_211de24bb98b581ec357aee6dd1409fc7b321927_0_0PoreChopReadsTrimLT-U0-D7W100L100R0.fasta
    resources: tmpdir=/tmp

Activating conda environment: .snakemake/conda/ddb7645d0f5a0c54a3d1f714666cff46_
[Sun May 14 13:40:57 2023]
Finished job 5.
4 of 7 steps (57%) done
Select jobs to execute...

[Sun May 14 13:40:57 2023]
rule 7:
    input: ProwlerProcessed/fastq_runid_211/fastq_runid_211de24bb98b581ec357aee6dd1409fc7b321927_1_0PoreChopReadsTrimLT-U0-D7W100L100R0.fasta
    output: SACRAResults/fastq_runid_211/fastq_runid_211de24bb98b581ec357aee6dd1409fc7b321927_1_0SacraResults.fasta, ProwlerProcessed/fastq_runid_211/fastq_runid_211de24bb98b581ec357aee6dd1409fc7b321927_1_0PoreChopReadsTrimLT-U0-D7W100L100R0.fasta.split.fasta, ProwlerProcessed/fastq_runid_211/fastq_runid_211de24bb98b581ec357aee6dd1409fc7b321927_1_0PoreChopReadsTrimLT-U0-D7W100L100R0.fasta.non_chimera.fasta
    jobid: 4
    reason: Input files updated by another job: ProwlerProcessed/fastq_runid_211/fastq_runid_211de24bb98b581ec357aee6dd1409fc7b321927_1_0PoreChopReadsTrimLT-U0-D7W100L100R0.fasta
    resources: tmpdir=/tmp

Activating conda environment: .snakemake/conda/ddb7645d0f5a0c54a3d1f714666cff46_
[Sun May 14 13:46:45 2023]
Finished job 4.
5 of 7 steps (71%) done
[Sun May 14 13:46:51 2023]
Finished job 1.
6 of 7 steps (86%) done
Select jobs to execute...

[Sun May 14 13:46:51 2023]
localrule all:
    input: SACRAResults/fastq_runid_211/fastq_runid_211de24bb98b581ec357aee6dd1409fc7b321927_0_0SacraResults.fasta, SACRAResults/fastq_runid_211/fastq_runid_211de24bb98b581ec357aee6dd1409fc7b321927_1_0SacraResults.fasta
    jobid: 0
    reason: Input files updated by another job: SACRAResults/fastq_runid_211/fastq_runid_211de24bb98b581ec357aee6dd1409fc7b321927_0_0SacraResults.fasta, SACRAResults/fastq_runid_211/fastq_runid_211de24bb98b581ec357aee6dd1409fc7b321927_1_0SacraResults.fasta
    resources: tmpdir=/tmp

[Sun May 14 13:46:51 2023]
Finished job 0.
7 of 7 steps (100%) done
Complete log: .snakemake/log/2023-05-14T133856.335409.snakemake.log
