Building DAG of jobs...
Using shell: /usr/bin/bash
Provided cores: 8
Rules claiming more threads will be scaled down.
Job stats:
job      count    min threads    max threads
-----  -------  -------------  -------------
2            1              1              1
3            1              1              1
all          1              1              1
total        3              1              1

Select jobs to execute...

[Sat May 13 23:13:34 2023]
rule 2:
    input: Cmaenas_minion_data/fastq_runid_211de24bb98b581ec357aee6dd1409fc7b321927_0_0.fastq
    output: PorechopABI/fastq_runid_211de24bb98b581ec357aee6dd1409fc7b321927_0_0PoreChopReads.fastq, reports/fastq_runid_211de24bb98b581ec357aee6dd1409fc7b321927_0_0Statistics.txt
    jobid: 1
    reason: Missing output files: reports/fastq_runid_211de24bb98b581ec357aee6dd1409fc7b321927_0_0Statistics.txt, PorechopABI/fastq_runid_211de24bb98b581ec357aee6dd1409fc7b321927_0_0PoreChopReads.fastq
    resources: tmpdir=/tmp

Activating conda environment: .snakemake/conda/2d5175163c35337e572d841e1046dee7_

[Sat May 13 23:13:34 2023]
rule 3:
    input: Cmaenas_minion_data/fastq_runid_211de24bb98b581ec357aee6dd1409fc7b321927_1_0.fastq
    output: PorechopABI/fastq_runid_211de24bb98b581ec357aee6dd1409fc7b321927_1_0PoreChopReads.fastq, reports/fastq_runid_211de24bb98b581ec357aee6dd1409fc7b321927_1_0Statistics.txt
    jobid: 2
    reason: Missing output files: reports/fastq_runid_211de24bb98b581ec357aee6dd1409fc7b321927_1_0Statistics.txt, PorechopABI/fastq_runid_211de24bb98b581ec357aee6dd1409fc7b321927_1_0PoreChopReads.fastq
    resources: tmpdir=/tmp

Activating conda environment: .snakemake/conda/2d5175163c35337e572d841e1046dee7_
[Sat May 13 23:15:47 2023]
Finished job 2.
1 of 3 steps (33%) done
[Sat May 13 23:15:47 2023]
Finished job 1.
2 of 3 steps (67%) done
Select jobs to execute...

[Sat May 13 23:15:47 2023]
localrule all:
    input: PorechopABI/fastq_runid_211de24bb98b581ec357aee6dd1409fc7b321927_0_0PoreChopReads.fastq, PorechopABI/fastq_runid_211de24bb98b581ec357aee6dd1409fc7b321927_1_0PoreChopReads.fastq, reports/fastq_runid_211de24bb98b581ec357aee6dd1409fc7b321927_0_0Statistics.txt, reports/fastq_runid_211de24bb98b581ec357aee6dd1409fc7b321927_1_0Statistics.txt
    jobid: 0
    reason: Input files updated by another job: reports/fastq_runid_211de24bb98b581ec357aee6dd1409fc7b321927_0_0Statistics.txt, PorechopABI/fastq_runid_211de24bb98b581ec357aee6dd1409fc7b321927_0_0PoreChopReads.fastq, reports/fastq_runid_211de24bb98b581ec357aee6dd1409fc7b321927_1_0Statistics.txt, PorechopABI/fastq_runid_211de24bb98b581ec357aee6dd1409fc7b321927_1_0PoreChopReads.fastq
    resources: tmpdir=/tmp

[Sat May 13 23:15:47 2023]
Finished job 0.
3 of 3 steps (100%) done
Complete log: .snakemake/log/2023-05-13T231332.224344.snakemake.log
