The flag 'directory' used in rule all is only valid for outputs, not inputs.
Building DAG of jobs...
Using shell: /usr/bin/bash
Provided cores: 8
Rules claiming more threads will be scaled down.
Job stats:
job                 count    min threads    max threads
----------------  -------  -------------  -------------
ProwlerTrim             1              1              1
StatisticsToHTML        1              1              1
all                     1              1              1
porechopABI_call        1              1              1
total                   4              1              1

Select jobs to execute...

[Mon May  1 20:20:12 2023]
rule porechopABI_call:
    input: PorechopABI/fastq_runid_211de24bb98b581ec357aee6dd1409fc7b321927_0_0.fastq
    output: PorechopABI/Output_reads.fastq, reports/Statistics.txt
    jobid: 2
    reason: Forced execution
    resources: tmpdir=/tmp

Activating conda environment: .snakemake/conda/8ff5eb033241f5889665bcedcbfab59f_
[Mon May  1 20:21:40 2023]
Finished job 2.
1 of 4 steps (25%) done
Select jobs to execute...

[Mon May  1 20:21:40 2023]
rule StatisticsToHTML:
    input: reports/Statistics.txt
    output: reports/Results.html
    jobid: 1
    reason: Input files updated by another job: reports/Statistics.txt
    resources: tmpdir=/tmp

[Mon May  1 20:21:40 2023]
rule ProwlerTrim:
    input: PorechopABI/Output_reads.fastq
    output: ProwlerProcessed
    jobid: 3
    reason: Input files updated by another job: PorechopABI/Output_reads.fastq
    resources: tmpdir=/tmp

[Mon May  1 20:21:40 2023]
Finished job 1.
2 of 4 steps (50%) done
[Mon May  1 20:21:41 2023]
Finished job 3.
3 of 4 steps (75%) done
Select jobs to execute...

[Mon May  1 20:21:41 2023]
localrule all:
    input: reports/Results.html, reports/Statistics.txt, ProwlerProcessed
    jobid: 0
    reason: Input files updated by another job: reports/Results.html, reports/Statistics.txt, ProwlerProcessed
    resources: tmpdir=/tmp

[Mon May  1 20:21:41 2023]
Finished job 0.
4 of 4 steps (100%) done
Complete log: .snakemake/log/2023-05-01T202011.065693.snakemake.log
