Building DAG of jobs...
Using shell: /usr/bin/bash
Provided cores: 8
Rules claiming more threads will be scaled down.
Job stats:
job                 count    min threads    max threads
----------------  -------  -------------  -------------
DiamondAlignment        1              1              1
FilterFastaSACRA        1              1              1
FilteringDIAMOND        1              1              1
ProwlerTrim             1              1              1
SACRAcall               1              1              1
StatisticsToHTML        1              1              1
all                     1              1              1
porechopABIcall         1              1              1
total                   8              1              1

Select jobs to execute...

[Thu May 11 11:18:07 2023]
rule porechopABIcall:
    input: PorechopABI/fastq_runid_211/fastq_runid_211de24bb98b581ec357aee6dd1409fc7b321927_0_0.fastq
    output: PorechopABI/fastq_runid_211/fastq_runid_211PoreChopReads.fastq, reports/fastq_runid_211/fastq_runid_211Statistics.txt
    jobid: 2
    reason: Missing output files: PorechopABI/fastq_runid_211/fastq_runid_211PoreChopReads.fastq, reports/fastq_runid_211/fastq_runid_211Statistics.txt
    resources: tmpdir=/tmp

Activating conda environment: .snakemake/conda/8ff5eb033241f5889665bcedcbfab59f_
[Thu May 11 11:19:38 2023]
Finished job 2.
1 of 8 steps (12%) done
Select jobs to execute...

[Thu May 11 11:19:38 2023]
rule ProwlerTrim:
    input: PorechopABI/fastq_runid_211/fastq_runid_211PoreChopReads.fastq
    output: ProwlerProcessed/fastq_runid_211/fastq_runid_211PoreChopReadsTrimLT-U0-D7W100L100R0.fasta
    jobid: 3
    reason: Missing output files: ProwlerProcessed/fastq_runid_211/fastq_runid_211PoreChopReadsTrimLT-U0-D7W100L100R0.fasta; Input files updated by another job: PorechopABI/fastq_runid_211/fastq_runid_211PoreChopReads.fastq
    resources: tmpdir=/tmp

[Thu May 11 11:19:39 2023]
Finished job 3.
2 of 8 steps (25%) done
Select jobs to execute...

[Thu May 11 11:19:39 2023]
rule SACRAcall:
    input: ProwlerProcessed/fastq_runid_211/fastq_runid_211PoreChopReadsTrimLT-U0-D7W100L100R0.fasta
    output: SACRAResults/fastq_runid_211/fastq_runid_211SacraResults.fasta, ProwlerProcessed/fastq_runid_211/fastq_runid_211PoreChopReadsTrimLT-U0-D7W100L100R0.fasta.split.fasta, ProwlerProcessed/fastq_runid_211/fastq_runid_211PoreChopReadsTrimLT-U0-D7W100L100R0.fasta.non_chimera.fasta
    jobid: 4
    reason: Missing output files: SACRAResults/fastq_runid_211/fastq_runid_211SacraResults.fasta, ProwlerProcessed/fastq_runid_211/fastq_runid_211PoreChopReadsTrimLT-U0-D7W100L100R0.fasta.split.fasta, ProwlerProcessed/fastq_runid_211/fastq_runid_211PoreChopReadsTrimLT-U0-D7W100L100R0.fasta.non_chimera.fasta; Input files updated by another job: ProwlerProcessed/fastq_runid_211/fastq_runid_211PoreChopReadsTrimLT-U0-D7W100L100R0.fasta
    resources: tmpdir=/tmp

Activating conda environment: .snakemake/conda/f655fa01c3df1c861f181a2fd0ee0401_
[Thu May 11 11:22:58 2023]
Finished job 4.
3 of 8 steps (38%) done
Select jobs to execute...

[Thu May 11 11:22:58 2023]
rule FilterFastaSACRA:
    input: SACRAResults/fastq_runid_211/fastq_runid_211SacraResults.fasta
    output: SACRAResults/fastq_runid_211/fastq_runid_211SacraResultsFiltered.fasta
    jobid: 5
    reason: Missing output files: SACRAResults/fastq_runid_211/fastq_runid_211SacraResultsFiltered.fasta; Input files updated by another job: SACRAResults/fastq_runid_211/fastq_runid_211SacraResults.fasta
    resources: tmpdir=/tmp

[Thu May 11 11:23:01 2023]
Finished job 5.
4 of 8 steps (50%) done
Select jobs to execute...

[Thu May 11 11:23:01 2023]
rule DiamondAlignment:
    input: SACRAResults/fastq_runid_211/fastq_runid_211SacraResultsFiltered.fasta
    output: Diamond/fastq_runid_211/fastq_runid_211Diamond_ATP6.csv, Diamond/fastq_runid_211/fastq_runid_211Diamond_ATP8.csv, Diamond/fastq_runid_211/fastq_runid_211Diamond_COX1.csv, Diamond/fastq_runid_211/fastq_runid_211Diamond_COX2.csv, Diamond/fastq_runid_211/fastq_runid_211Diamond_COX3.csv, Diamond/fastq_runid_211/fastq_runid_211Diamond_CYTB.csv, Diamond/fastq_runid_211/fastq_runid_211Diamond_NAD1.csv, Diamond/fastq_runid_211/fastq_runid_211Diamond_NAD2.csv, Diamond/fastq_runid_211/fastq_runid_211Diamond_NAD3.csv, Diamond/fastq_runid_211/fastq_runid_211Diamond_NAD4.csv, Diamond/fastq_runid_211/fastq_runid_211Diamond_NAD4L.csv, Diamond/fastq_runid_211/fastq_runid_211Diamond_NAD5.csv, Diamond/fastq_runid_211/fastq_runid_211Diamond_NAD6.csv
    jobid: 6
    reason: Missing output files: Diamond/fastq_runid_211/fastq_runid_211Diamond_ATP8.csv, Diamond/fastq_runid_211/fastq_runid_211Diamond_NAD5.csv, Diamond/fastq_runid_211/fastq_runid_211Diamond_NAD2.csv, Diamond/fastq_runid_211/fastq_runid_211Diamond_ATP6.csv, Diamond/fastq_runid_211/fastq_runid_211Diamond_NAD4.csv, Diamond/fastq_runid_211/fastq_runid_211Diamond_COX2.csv, Diamond/fastq_runid_211/fastq_runid_211Diamond_NAD1.csv, Diamond/fastq_runid_211/fastq_runid_211Diamond_NAD4L.csv, Diamond/fastq_runid_211/fastq_runid_211Diamond_COX3.csv, Diamond/fastq_runid_211/fastq_runid_211Diamond_NAD3.csv, Diamond/fastq_runid_211/fastq_runid_211Diamond_NAD6.csv, Diamond/fastq_runid_211/fastq_runid_211Diamond_CYTB.csv, Diamond/fastq_runid_211/fastq_runid_211Diamond_COX1.csv; Input files updated by another job: SACRAResults/fastq_runid_211/fastq_runid_211SacraResultsFiltered.fasta; Set of input files has changed since last execution
    resources: tmpdir=/tmp

[Thu May 11 11:23:06 2023]
Finished job 6.
5 of 8 steps (62%) done
Select jobs to execute...

[Thu May 11 11:23:06 2023]
rule FilteringDIAMOND:
    input: Diamond/fastq_runid_211/fastq_runid_211Diamond_ATP6.csv, Diamond/fastq_runid_211/fastq_runid_211Diamond_ATP8.csv, Diamond/fastq_runid_211/fastq_runid_211Diamond_COX1.csv, Diamond/fastq_runid_211/fastq_runid_211Diamond_COX2.csv, Diamond/fastq_runid_211/fastq_runid_211Diamond_COX3.csv, Diamond/fastq_runid_211/fastq_runid_211Diamond_CYTB.csv, Diamond/fastq_runid_211/fastq_runid_211Diamond_NAD1.csv, Diamond/fastq_runid_211/fastq_runid_211Diamond_NAD2.csv, Diamond/fastq_runid_211/fastq_runid_211Diamond_NAD3.csv, Diamond/fastq_runid_211/fastq_runid_211Diamond_NAD4.csv, Diamond/fastq_runid_211/fastq_runid_211Diamond_NAD4L.csv, Diamond/fastq_runid_211/fastq_runid_211Diamond_NAD5.csv, Diamond/fastq_runid_211/fastq_runid_211Diamond_NAD6.csv, SACRAResults/fastq_runid_211/fastq_runid_211SacraResultsFiltered.fasta
    output: AssemblyFasta/fastq_runid_211FastaForAssembly.fasta
    jobid: 7
    reason: Missing output files: AssemblyFasta/fastq_runid_211FastaForAssembly.fasta; Input files updated by another job: Diamond/fastq_runid_211/fastq_runid_211Diamond_ATP8.csv, Diamond/fastq_runid_211/fastq_runid_211Diamond_NAD5.csv, Diamond/fastq_runid_211/fastq_runid_211Diamond_ATP6.csv, Diamond/fastq_runid_211/fastq_runid_211Diamond_NAD2.csv, Diamond/fastq_runid_211/fastq_runid_211Diamond_NAD4.csv, Diamond/fastq_runid_211/fastq_runid_211Diamond_COX2.csv, Diamond/fastq_runid_211/fastq_runid_211Diamond_NAD1.csv, Diamond/fastq_runid_211/fastq_runid_211Diamond_NAD4L.csv, Diamond/fastq_runid_211/fastq_runid_211Diamond_COX3.csv, Diamond/fastq_runid_211/fastq_runid_211Diamond_NAD3.csv, Diamond/fastq_runid_211/fastq_runid_211Diamond_NAD6.csv, Diamond/fastq_runid_211/fastq_runid_211Diamond_CYTB.csv, SACRAResults/fastq_runid_211/fastq_runid_211SacraResultsFiltered.fasta, Diamond/fastq_runid_211/fastq_runid_211Diamond_COX1.csv
    resources: tmpdir=/tmp

[Thu May 11 11:23:07 2023]
Finished job 7.
6 of 8 steps (75%) done
Select jobs to execute...

[Thu May 11 11:23:07 2023]
rule StatisticsToHTML:
    input: reports/fastq_runid_211/fastq_runid_211Statistics.txt, PorechopABI/fastq_runid_211/fastq_runid_211PoreChopReads.fastq, ProwlerProcessed/fastq_runid_211/fastq_runid_211PoreChopReadsTrimLT-U0-D7W100L100R0.fasta, ProwlerProcessed/fastq_runid_211/fastq_runid_211PoreChopReadsTrimLT-U0-D7W100L100R0.fasta.split.fasta, ProwlerProcessed/fastq_runid_211/fastq_runid_211PoreChopReadsTrimLT-U0-D7W100L100R0.fasta.non_chimera.fasta, SACRAResults/fastq_runid_211/fastq_runid_211SacraResultsFiltered.fasta, Diamond/fastq_runid_211/fastq_runid_211Diamond_ATP6.csv, Diamond/fastq_runid_211/fastq_runid_211Diamond_ATP8.csv, Diamond/fastq_runid_211/fastq_runid_211Diamond_COX1.csv, Diamond/fastq_runid_211/fastq_runid_211Diamond_COX2.csv, Diamond/fastq_runid_211/fastq_runid_211Diamond_COX3.csv, Diamond/fastq_runid_211/fastq_runid_211Diamond_CYTB.csv, Diamond/fastq_runid_211/fastq_runid_211Diamond_NAD1.csv, Diamond/fastq_runid_211/fastq_runid_211Diamond_NAD2.csv, Diamond/fastq_runid_211/fastq_runid_211Diamond_NAD3.csv, Diamond/fastq_runid_211/fastq_runid_211Diamond_NAD4.csv, Diamond/fastq_runid_211/fastq_runid_211Diamond_NAD4L.csv, Diamond/fastq_runid_211/fastq_runid_211Diamond_NAD5.csv, Diamond/fastq_runid_211/fastq_runid_211Diamond_NAD6.csv, AssemblyFasta/fastq_runid_211FastaForAssembly.fasta
    output: reports/fastq_runid_211/fastq_runid_211Results.html
    jobid: 1
    reason: Missing output files: reports/fastq_runid_211/fastq_runid_211Results.html; Input files updated by another job: reports/fastq_runid_211/fastq_runid_211Statistics.txt, Diamond/fastq_runid_211/fastq_runid_211Diamond_NAD4L.csv, Diamond/fastq_runid_211/fastq_runid_211Diamond_COX3.csv, ProwlerProcessed/fastq_runid_211/fastq_runid_211PoreChopReadsTrimLT-U0-D7W100L100R0.fasta, Diamond/fastq_runid_211/fastq_runid_211Diamond_ATP8.csv, Diamond/fastq_runid_211/fastq_runid_211Diamond_NAD5.csv, Diamond/fastq_runid_211/fastq_runid_211Diamond_ATP6.csv, Diamond/fastq_runid_211/fastq_runid_211Diamond_NAD2.csv, ProwlerProcessed/fastq_runid_211/fastq_runid_211PoreChopReadsTrimLT-U0-D7W100L100R0.fasta.split.fasta, Diamond/fastq_runid_211/fastq_runid_211Diamond_NAD4.csv, Diamond/fastq_runid_211/fastq_runid_211Diamond_COX2.csv, Diamond/fastq_runid_211/fastq_runid_211Diamond_NAD1.csv, AssemblyFasta/fastq_runid_211FastaForAssembly.fasta, PorechopABI/fastq_runid_211/fastq_runid_211PoreChopReads.fastq, ProwlerProcessed/fastq_runid_211/fastq_runid_211PoreChopReadsTrimLT-U0-D7W100L100R0.fasta.non_chimera.fasta, Diamond/fastq_runid_211/fastq_runid_211Diamond_NAD3.csv, Diamond/fastq_runid_211/fastq_runid_211Diamond_NAD6.csv, Diamond/fastq_runid_211/fastq_runid_211Diamond_CYTB.csv, SACRAResults/fastq_runid_211/fastq_runid_211SacraResultsFiltered.fasta, Diamond/fastq_runid_211/fastq_runid_211Diamond_COX1.csv
    resources: tmpdir=/tmp

[Thu May 11 11:23:08 2023]
Error in rule StatisticsToHTML:
    jobid: 1
    input: reports/fastq_runid_211/fastq_runid_211Statistics.txt, PorechopABI/fastq_runid_211/fastq_runid_211PoreChopReads.fastq, ProwlerProcessed/fastq_runid_211/fastq_runid_211PoreChopReadsTrimLT-U0-D7W100L100R0.fasta, ProwlerProcessed/fastq_runid_211/fastq_runid_211PoreChopReadsTrimLT-U0-D7W100L100R0.fasta.split.fasta, ProwlerProcessed/fastq_runid_211/fastq_runid_211PoreChopReadsTrimLT-U0-D7W100L100R0.fasta.non_chimera.fasta, SACRAResults/fastq_runid_211/fastq_runid_211SacraResultsFiltered.fasta, Diamond/fastq_runid_211/fastq_runid_211Diamond_ATP6.csv, Diamond/fastq_runid_211/fastq_runid_211Diamond_ATP8.csv, Diamond/fastq_runid_211/fastq_runid_211Diamond_COX1.csv, Diamond/fastq_runid_211/fastq_runid_211Diamond_COX2.csv, Diamond/fastq_runid_211/fastq_runid_211Diamond_COX3.csv, Diamond/fastq_runid_211/fastq_runid_211Diamond_CYTB.csv, Diamond/fastq_runid_211/fastq_runid_211Diamond_NAD1.csv, Diamond/fastq_runid_211/fastq_runid_211Diamond_NAD2.csv, Diamond/fastq_runid_211/fastq_runid_211Diamond_NAD3.csv, Diamond/fastq_runid_211/fastq_runid_211Diamond_NAD4.csv, Diamond/fastq_runid_211/fastq_runid_211Diamond_NAD4L.csv, Diamond/fastq_runid_211/fastq_runid_211Diamond_NAD5.csv, Diamond/fastq_runid_211/fastq_runid_211Diamond_NAD6.csv, AssemblyFasta/fastq_runid_211FastaForAssembly.fasta
    output: reports/fastq_runid_211/fastq_runid_211Results.html
    shell:
        python3 scripts/StatisticalReportGenerator.py reports/fastq_runid_211/fastq_runid_211Results.html reports/fastq_runid_211/fastq_runid_211Statistics.txt PorechopABI/fastq_runid_211/fastq_runid_211PoreChopReads.fastq ProwlerProcessed/fastq_runid_211/fastq_runid_211PoreChopReadsTrimLT-U0-D7W100L100R0.fasta ProwlerProcessed/fastq_runid_211/fastq_runid_211PoreChopReadsTrimLT-U0-D7W100L100R0.fasta.split.fasta ProwlerProcessed/fastq_runid_211/fastq_runid_211PoreChopReadsTrimLT-U0-D7W100L100R0.fasta.non_chimera.fasta SACRAResults/fastq_runid_211/fastq_runid_211SacraResultsFiltered.fasta
        (one of the commands exited with non-zero exit code; note that snakemake uses bash strict mode!)

Shutting down, this might take some time.
Exiting because a job execution failed. Look above for error message
Complete log: .snakemake/log/2023-05-11T111806.617483.snakemake.log
