Building DAG of jobs...
Using shell: /usr/bin/bash
Provided cores: 8
Rules claiming more threads will be scaled down.
Job stats:
job                 count    min threads    max threads
----------------  -------  -------------  -------------
StatisticsToHTML        1              1              1
all                     1              1              1
porechopABI_call        1              1              1
total                   3              1              1

Select jobs to execute...

[Fri Apr 28 10:40:54 2023]
rule porechopABI_call:
    input: PorechopABI/fastq_runid_211de24bb98b581ec357aee6dd1409fc7b321927_0_0.fastq
    output: PorechopABI/Output_reads.fastq, reports/Statistics.txt
    jobid: 2
    reason: Code has changed since last execution
    resources: tmpdir=/tmp

Activating conda environment: .snakemake/conda/8ff5eb033241f5889665bcedcbfab59f_
[Fri Apr 28 10:42:23 2023]
Finished job 2.
1 of 3 steps (33%) done
Select jobs to execute...

[Fri Apr 28 10:42:23 2023]
rule StatisticsToHTML:
    input: reports/Statistics.txt
    output: reports/Results.html
    jobid: 1
    reason: Input files updated by another job: reports/Statistics.txt
    resources: tmpdir=/tmp

[Fri Apr 28 10:42:24 2023]
Finished job 1.
2 of 3 steps (67%) done
Select jobs to execute...

[Fri Apr 28 10:42:24 2023]
localrule all:
    input: reports/Results.html, reports/Statistics.txt
    jobid: 0
    reason: Input files updated by another job: reports/Results.html, reports/Statistics.txt
    resources: tmpdir=/tmp

[Fri Apr 28 10:42:24 2023]
Finished job 0.
3 of 3 steps (100%) done
Complete log: .snakemake/log/2023-04-28T104052.980146.snakemake.log
