Building DAG of jobs...
Using shell: /usr/bin/bash
Provided cores: 8
Rules claiming more threads will be scaled down.
Job stats:
job                     count    min threads    max threads
--------------------  -------  -------------  -------------
DiamondAlignmentATP6        1              1              1
StatisticsToHTML            1              1              1
all                         1              1              1
total                       3              1              1

Select jobs to execute...

[Tue May  9 16:22:23 2023]
rule DiamondAlignmentATP6:
    input: SACRAResults/fastq_runid_211SacraResultsFiltered.fasta
    output: Diamond/fastq_runid_211DiamondATP6.csv
    jobid: 6
    reason: Missing output files: Diamond/fastq_runid_211DiamondATP6.csv
    resources: tmpdir=/tmp

[Tue May  9 16:22:23 2023]
Error in rule DiamondAlignmentATP6:
    jobid: 6
    input: SACRAResults/fastq_runid_211SacraResultsFiltered.fasta
    output: Diamond/fastq_runid_211DiamondATP6.csv
    shell:
        diamond blastx -d Diamond/DB/ATP6 -q SACRAResults/fastq_runid_211SacraResultsFiltered.fasta -k 1 -f 6 -o Diamond/Diamond/fastq_runid_211DiamondATP6.csv.csv
        (one of the commands exited with non-zero exit code; note that snakemake uses bash strict mode!)

Shutting down, this might take some time.
Exiting because a job execution failed. Look above for error message
Complete log: .snakemake/log/2023-05-09T162222.176162.snakemake.log
