Building DAG of jobs...
Using shell: /usr/bin/bash
Provided cores: 8
Rules claiming more threads will be scaled down.
Job stats:
job                 count    min threads    max threads
----------------  -------  -------------  -------------
ProwlerTrim             1              1              1
SACRAcall               1              1              1
StatisticsToHTML        1              1              1
all                     1              1              1
porechopABIcall         1              1              1
total                   5              1              1

Select jobs to execute...

[Tue May  2 23:14:13 2023]
rule porechopABIcall:
    input: PorechopABI/fastq_runid_211de24bb98b581ec357aee6dd1409fc7b321927_0_0.fastq
    output: PorechopABI/Output_reads.fastq, reports/Statistics.txt
    jobid: 2
    reason: Forced execution
    priority: 10
    resources: tmpdir=/tmp

Activating conda environment: .snakemake/conda/8ff5eb033241f5889665bcedcbfab59f_

[Tue May  2 23:14:13 2023]
rule SACRAcall:
    input: scripts, ProwlerProcessed/Output_readsTrimLT-U0-D7W100L100R0.fasta
    output: SACRAResults/sacra_results.fasta
    jobid: 3
    reason: Forced execution
    priority: 5
    resources: tmpdir=/tmp

Activating conda environment: .snakemake/conda/f655fa01c3df1c861f181a2fd0ee0401_
[Tue May  2 23:16:34 2023]
Finished job 2.
1 of 5 steps (20%) done
Select jobs to execute...

[Tue May  2 23:16:34 2023]
rule StatisticsToHTML:
    input: reports/Statistics.txt, PorechopABI/Output_reads.fastq, ProwlerProcessed/Output_readsTrimLT-U0-D7W100L100R0.fasta
    output: reports/Results.html
    jobid: 1
    reason: Input files updated by another job: PorechopABI/Output_reads.fastq, reports/Statistics.txt
    priority: 3
    resources: tmpdir=/tmp

[Tue May  2 23:16:34 2023]
rule ProwlerTrim:
    input: scripts, PorechopABI/Output_reads.fastq
    jobid: 4
    reason: Input files updated by another job: PorechopABI/Output_reads.fastq
    priority: 7
    resources: tmpdir=/tmp

[Tue May  2 23:16:36 2023]
Finished job 1.
2 of 5 steps (40%) done
Select jobs to execute...

[Tue May  2 23:16:36 2023]
localrule all:
    input: reports/Results.html
    jobid: 0
    reason: Input files updated by another job: reports/Results.html
    resources: tmpdir=/tmp

[Tue May  2 23:16:36 2023]
Finished job 0.
3 of 5 steps (60%) done
[Tue May  2 23:16:38 2023]
Finished job 4.
4 of 5 steps (80%) done
[Tue May  2 23:18:04 2023]
Finished job 3.
5 of 5 steps (100%) done
Complete log: .snakemake/log/2023-05-02T231412.713673.snakemake.log
