Building DAG of jobs...
Using shell: /usr/bin/bash
Provided cores: 8
Rules claiming more threads will be scaled down.
Job stats:
job                 count    min threads    max threads
----------------  -------  -------------  -------------
ProwlerTrim             1              1              1
SACRAcall               1              1              1
StatisticsToHTML        1              1              1
all                     1              1              1
total                   4              1              1

Select jobs to execute...

[Wed May  3 12:42:38 2023]
rule ProwlerTrim:
    input: PorechopABI/PoreChopReads.fastq
    output: ProwlerProcessed/PoreChopReadsTrimLT-U0-D7W100L100R0.fasta
    jobid: 2
    reason: Forced execution
    resources: tmpdir=/tmp

[Wed May  3 12:42:39 2023]
Finished job 2.
1 of 4 steps (25%) done
Select jobs to execute...

[Wed May  3 12:42:39 2023]
rule SACRAcall:
    input: ProwlerProcessed/PoreChopReadsTrimLT-U0-D7W100L100R0.fasta
    output: SACRAResults/SacraResults.fasta
    jobid: 3
    reason: Missing output files: SACRAResults/SacraResults.fasta; Input files updated by another job: ProwlerProcessed/PoreChopReadsTrimLT-U0-D7W100L100R0.fasta
    resources: tmpdir=/tmp

Activating conda environment: .snakemake/conda/f655fa01c3df1c861f181a2fd0ee0401_
[Wed May  3 12:46:02 2023]
Finished job 3.
2 of 4 steps (50%) done
Select jobs to execute...

[Wed May  3 12:46:02 2023]
rule StatisticsToHTML:
    input: reports/Statistics.txt, PorechopABI/PoreChopReads.fastq, ProwlerProcessed/PoreChopReadsTrimLT-U0-D7W100L100R0.fasta, SACRAResults/SacraResults.fasta
    output: reports/Results.html
    jobid: 1
    reason: Missing output files: reports/Results.html; Input files updated by another job: SACRAResults/SacraResults.fasta, ProwlerProcessed/PoreChopReadsTrimLT-U0-D7W100L100R0.fasta
    resources: tmpdir=/tmp

[Wed May  3 12:46:02 2023]
Error in rule StatisticsToHTML:
    jobid: 1
    input: reports/Statistics.txt, PorechopABI/PoreChopReads.fastq, ProwlerProcessed/PoreChopReadsTrimLT-U0-D7W100L100R0.fasta, SACRAResults/SacraResults.fasta
    output: reports/Results.html

Shutting down, this might take some time.
Exiting because a job execution failed. Look above for error message
Complete log: .snakemake/log/2023-05-03T124237.362104.snakemake.log
