Building DAG of jobs...
Using shell: /usr/bin/bash
Provided cores: 8
Rules claiming more threads will be scaled down.
Job stats:
job                 count    min threads    max threads
----------------  -------  -------------  -------------
DiamondAlignment        1              4              4
FilteringDIAMOND        1              4              4
SACRAcall               1              4              4
StatisticsToHTML        1              4              4
all                     1              1              1
total                   5              1              4

Select jobs to execute...

[Fri May 12 16:48:46 2023]
rule DiamondAlignment:
    input: SACRAResults/fastq_runid_211/fastq_runid_211SacraResultsFiltered.fasta
    output: Diamond/fastq_runid_211/fastq_runid_211Diamond_ATP6.csv, Diamond/fastq_runid_211/fastq_runid_211Diamond_ATP8.csv, Diamond/fastq_runid_211/fastq_runid_211Diamond_COX1.csv, Diamond/fastq_runid_211/fastq_runid_211Diamond_COX2.csv, Diamond/fastq_runid_211/fastq_runid_211Diamond_COX3.csv, Diamond/fastq_runid_211/fastq_runid_211Diamond_CYTB.csv, Diamond/fastq_runid_211/fastq_runid_211Diamond_NAD1.csv, Diamond/fastq_runid_211/fastq_runid_211Diamond_NAD2.csv, Diamond/fastq_runid_211/fastq_runid_211Diamond_NAD3.csv, Diamond/fastq_runid_211/fastq_runid_211Diamond_NAD4.csv, Diamond/fastq_runid_211/fastq_runid_211Diamond_NAD4L.csv, Diamond/fastq_runid_211/fastq_runid_211Diamond_NAD5.csv, Diamond/fastq_runid_211/fastq_runid_211Diamond_NAD6.csv
    jobid: 3
    reason: Forced execution
    threads: 4
    resources: tmpdir=/tmp


[Fri May 12 16:48:46 2023]
rule SACRAcall:
    input: ProwlerProcessed/fastq_runid_211/fastq_runid_211PoreChopReadsTrimLT-U0-D7W100L100R0.fasta
    output: SACRAResults/fastq_runid_211/fastq_runid_211SacraResults.fasta, ProwlerProcessed/fastq_runid_211/fastq_runid_211PoreChopReadsTrimLT-U0-D7W100L100R0.fasta.split.fasta, ProwlerProcessed/fastq_runid_211/fastq_runid_211PoreChopReadsTrimLT-U0-D7W100L100R0.fasta.non_chimera.fasta
    jobid: 2
    reason: Forced execution
    threads: 4
    resources: tmpdir=/tmp, mem_mb=8000, mem_mib=7630

Activating conda environment: .snakemake/conda/ddb7645d0f5a0c54a3d1f714666cff46_
[Fri May 12 16:48:46 2023]
Error in rule DiamondAlignment:
    jobid: 3
    input: SACRAResults/fastq_runid_211/fastq_runid_211SacraResultsFiltered.fasta
    output: Diamond/fastq_runid_211/fastq_runid_211Diamond_ATP6.csv, Diamond/fastq_runid_211/fastq_runid_211Diamond_ATP8.csv, Diamond/fastq_runid_211/fastq_runid_211Diamond_COX1.csv, Diamond/fastq_runid_211/fastq_runid_211Diamond_COX2.csv, Diamond/fastq_runid_211/fastq_runid_211Diamond_COX3.csv, Diamond/fastq_runid_211/fastq_runid_211Diamond_CYTB.csv, Diamond/fastq_runid_211/fastq_runid_211Diamond_NAD1.csv, Diamond/fastq_runid_211/fastq_runid_211Diamond_NAD2.csv, Diamond/fastq_runid_211/fastq_runid_211Diamond_NAD3.csv, Diamond/fastq_runid_211/fastq_runid_211Diamond_NAD4.csv, Diamond/fastq_runid_211/fastq_runid_211Diamond_NAD4L.csv, Diamond/fastq_runid_211/fastq_runid_211Diamond_NAD5.csv, Diamond/fastq_runid_211/fastq_runid_211Diamond_NAD6.csv
    shell:
        
        diamond blastx -d Diamond/DB/ATP6 -q SACRAResults/fastq_runid_211/fastq_runid_211SacraResultsFiltered.fasta -k 1 -f 6 -o Diamond/fastq_runid_211/fastq_runid_211Diamond_ATP6.csv
        diamond blastx -d Diamond/DB/ATP8 -q SACRAResults/fastq_runid_211/fastq_runid_211SacraResultsFiltered.fasta -k 1 -f 6 -o Diamond/fastq_runid_211/fastq_runid_211Diamond_ATP8.csv
        diamond blastx -d Diamond/DB/COX1 -q SACRAResults/fastq_runid_211/fastq_runid_211SacraResultsFiltered.fasta -k 1 -f 6 -o Diamond/fastq_runid_211/fastq_runid_211Diamond_COX1.csv
        diamond blastx -d Diamond/DB/COX2 -q SACRAResults/fastq_runid_211/fastq_runid_211SacraResultsFiltered.fasta -k 1 -f 6 -o Diamond/fastq_runid_211/fastq_runid_211Diamond_COX2.csv
        diamond blastx -d Diamond/DB/COX3 -q SACRAResults/fastq_runid_211/fastq_runid_211SacraResultsFiltered.fasta -k 1 -f 6 -o Diamond/fastq_runid_211/fastq_runid_211Diamond_COX3.csv
        diamond blastx -d Diamond/DB/CYTB -q SACRAResults/fastq_runid_211/fastq_runid_211SacraResultsFiltered.fasta -k 1 -f 6 -o Diamond/fastq_runid_211/fastq_runid_211Diamond_CYTB.csv
        diamond blastx -d Diamond/DB/NAD1 -q SACRAResults/fastq_runid_211/fastq_runid_211SacraResultsFiltered.fasta -k 1 -f 6 -o Diamond/fastq_runid_211/fastq_runid_211Diamond_NAD1.csv
        diamond blastx -d Diamond/DB/NAD2 -q SACRAResults/fastq_runid_211/fastq_runid_211SacraResultsFiltered.fasta -k 1 -f 6 -o Diamond/fastq_runid_211/fastq_runid_211Diamond_NAD2.csv
        diamond blastx -d Diamond/DB/NAD3 -q SACRAResults/fastq_runid_211/fastq_runid_211SacraResultsFiltered.fasta -k 1 -f 6 -o Diamond/fastq_runid_211/fastq_runid_211Diamond_NAD3.csv
        diamond blastx -d Diamond/DB/NAD4 -q SACRAResults/fastq_runid_211/fastq_runid_211SacraResultsFiltered.fasta -k 1 -f 6 -o Diamond/fastq_runid_211/fastq_runid_211Diamond_NAD4.csv
        diamond blastx -d Diamond/DB/NAD4L -q SACRAResults/fastq_runid_211/fastq_runid_211SacraResultsFiltered.fasta -k 1 -f 6 -o Diamond/fastq_runid_211/fastq_runid_211Diamond_NAD4L.csv
        diamond blastx -d Diamond/DB/NAD5 -q SACRAResults/fastq_runid_211/fastq_runid_211SacraResultsFiltered.fasta -k 1 -f 6 -o Diamond/fastq_runid_211/fastq_runid_211Diamond_NAD5.csv
        diamond blastx -d Diamond/DB/NAD6 -q SACRAResults/fastq_runid_211/fastq_runid_211SacraResultsFiltered.fasta -k 1 -f 6 -o Diamond/fastq_runid_211/fastq_runid_211Diamond_NAD6.csv
        
        (one of the commands exited with non-zero exit code; note that snakemake uses bash strict mode!)

Terminating processes on user request, this might take some time.
[Fri May 12 16:49:28 2023]
Error in rule SACRAcall:
    jobid: 2
    input: ProwlerProcessed/fastq_runid_211/fastq_runid_211PoreChopReadsTrimLT-U0-D7W100L100R0.fasta
    output: SACRAResults/fastq_runid_211/fastq_runid_211SacraResults.fasta, ProwlerProcessed/fastq_runid_211/fastq_runid_211PoreChopReadsTrimLT-U0-D7W100L100R0.fasta.split.fasta, ProwlerProcessed/fastq_runid_211/fastq_runid_211PoreChopReadsTrimLT-U0-D7W100L100R0.fasta.non_chimera.fasta
    conda-env: /home/guillaume/ChimereNanoporePipeline/.snakemake/conda/ddb7645d0f5a0c54a3d1f714666cff46_
    shell:
        scripts/SACRA.sh -i ProwlerProcessed/fastq_runid_211/fastq_runid_211PoreChopReadsTrimLT-U0-D7W100L100R0.fasta -p SACRAResults/fastq_runid_211/fastq_runid_211SacraResults.fasta -t 4 -c config_sacra.yml
        (one of the commands exited with non-zero exit code; note that snakemake uses bash strict mode!)

Complete log: .snakemake/log/2023-05-12T164844.663662.snakemake.log
