Building DAG of jobs...
Using shell: /usr/bin/bash
Provided cores: 8
Rules claiming more threads will be scaled down.
Job stats:
job                 count    min threads    max threads
----------------  -------  -------------  -------------
ConcatFiles             1              1              1
DiamondAlignment        1              1              1
FilterFastaSACRA        1              1              1
FilteringDIAMOND        1              1              1
ProwlerTrim             1              1              1
SACRAcall               1              1              1
StatisticsToHTML        1              1              1
all                     1              1              1
porechopABIcall         1              1              1
total                   9              1              1

Select jobs to execute...

[Thu May 11 14:03:02 2023]
rule ConcatFiles:
    output: PorechopABI/fastq_runid_211/fastq_runid_211Concatfiles.fastq
    jobid: 2
    reason: Missing output files: PorechopABI/fastq_runid_211/fastq_runid_211Concatfiles.fastq
    resources: tmpdir=/tmp

[Thu May 11 14:03:04 2023]
Finished job 2.
1 of 9 steps (11%) done
Select jobs to execute...

[Thu May 11 14:03:04 2023]
rule porechopABIcall:
    input: PorechopABI/fastq_runid_211/fastq_runid_211Concatfiles.fastq
    output: PorechopABI/fastq_runid_211/fastq_runid_211PoreChopReads.fastq, reports/fastq_runid_211/fastq_runid_211Statistics.txt
    jobid: 3
    reason: Missing output files: reports/fastq_runid_211/fastq_runid_211Statistics.txt, PorechopABI/fastq_runid_211/fastq_runid_211PoreChopReads.fastq; Input files updated by another job: PorechopABI/fastq_runid_211/fastq_runid_211Concatfiles.fastq; Set of input files has changed since last execution
    resources: tmpdir=/tmp

Activating conda environment: .snakemake/conda/2d5175163c35337e572d841e1046dee7_
[Thu May 11 14:14:31 2023]
Finished job 3.
2 of 9 steps (22%) done
Select jobs to execute...

[Thu May 11 14:14:31 2023]
rule ProwlerTrim:
    input: PorechopABI/fastq_runid_211/fastq_runid_211PoreChopReads.fastq
    output: ProwlerProcessed/fastq_runid_211/fastq_runid_211PoreChopReadsTrimLT-U0-D7W100L100R0.fasta
    jobid: 4
    reason: Missing output files: ProwlerProcessed/fastq_runid_211/fastq_runid_211PoreChopReadsTrimLT-U0-D7W100L100R0.fasta; Input files updated by another job: PorechopABI/fastq_runid_211/fastq_runid_211PoreChopReads.fastq
    resources: tmpdir=/tmp

[Thu May 11 14:16:21 2023]
Finished job 4.
3 of 9 steps (33%) done
Select jobs to execute...

[Thu May 11 14:16:21 2023]
rule SACRAcall:
    input: ProwlerProcessed/fastq_runid_211/fastq_runid_211PoreChopReadsTrimLT-U0-D7W100L100R0.fasta
    output: SACRAResults/fastq_runid_211/fastq_runid_211SacraResults.fasta, ProwlerProcessed/fastq_runid_211/fastq_runid_211PoreChopReadsTrimLT-U0-D7W100L100R0.fasta.split.fasta, ProwlerProcessed/fastq_runid_211/fastq_runid_211PoreChopReadsTrimLT-U0-D7W100L100R0.fasta.non_chimera.fasta
    jobid: 5
    reason: Missing output files: ProwlerProcessed/fastq_runid_211/fastq_runid_211PoreChopReadsTrimLT-U0-D7W100L100R0.fasta.non_chimera.fasta, SACRAResults/fastq_runid_211/fastq_runid_211SacraResults.fasta, ProwlerProcessed/fastq_runid_211/fastq_runid_211PoreChopReadsTrimLT-U0-D7W100L100R0.fasta.split.fasta; Input files updated by another job: ProwlerProcessed/fastq_runid_211/fastq_runid_211PoreChopReadsTrimLT-U0-D7W100L100R0.fasta
    resources: tmpdir=/tmp

Activating conda environment: .snakemake/conda/ddb7645d0f5a0c54a3d1f714666cff46_
[Thu May 11 15:41:21 2023]
Error in rule SACRAcall:
    jobid: 5
    input: ProwlerProcessed/fastq_runid_211/fastq_runid_211PoreChopReadsTrimLT-U0-D7W100L100R0.fasta
    output: SACRAResults/fastq_runid_211/fastq_runid_211SacraResults.fasta, ProwlerProcessed/fastq_runid_211/fastq_runid_211PoreChopReadsTrimLT-U0-D7W100L100R0.fasta.split.fasta, ProwlerProcessed/fastq_runid_211/fastq_runid_211PoreChopReadsTrimLT-U0-D7W100L100R0.fasta.non_chimera.fasta
    conda-env: /home/guillaume/ChimereNanoporePipeline/.snakemake/conda/ddb7645d0f5a0c54a3d1f714666cff46_
    shell:
        scripts/SACRA.sh -i ProwlerProcessed/fastq_runid_211/fastq_runid_211PoreChopReadsTrimLT-U0-D7W100L100R0.fasta -p SACRAResults/fastq_runid_211/fastq_runid_211SacraResults.fasta -t 6 -c config_sacra.yml
        (one of the commands exited with non-zero exit code; note that snakemake uses bash strict mode!)

