Building DAG of jobs...
Using shell: /usr/bin/bash
Provided cores: 8
Rules claiming more threads will be scaled down.
Job stats:
job                 count    min threads    max threads
----------------  -------  -------------  -------------
StatisticsToHTML        1              1              1
all                     1              1              1
total                   2              1              1

Select jobs to execute...

[Fri Apr 28 10:14:45 2023]
rule StatisticsToHTML:
    input: reports/Statistics.txt
    output: reports/Results.html
    jobid: 1
    reason: Missing output files: reports/Results.html
    resources: tmpdir=/tmp

[Fri Apr 28 10:14:45 2023]
Finished job 1.
1 of 2 steps (50%) done
Select jobs to execute...

[Fri Apr 28 10:14:45 2023]
localrule all:
    input: reports/Results.html
    jobid: 0
    reason: Input files updated by another job: reports/Results.html
    resources: tmpdir=/tmp

[Fri Apr 28 10:14:45 2023]
Finished job 0.
2 of 2 steps (100%) done
Complete log: .snakemake/log/2023-04-28T101444.453468.snakemake.log
