The flag 'directory' used in rule all is only valid for outputs, not inputs.
Building DAG of jobs...
Using shell: /usr/bin/bash
Provided cores: 8
Rules claiming more threads will be scaled down.
Job stats:
job            count    min threads    max threads
-----------  -------  -------------  -------------
ProwlerTrim        1              1              1
all                1              1              1
total              2              1              1

Select jobs to execute...

[Tue May  2 10:33:16 2023]
rule ProwlerTrim:
    input: PorechopABI/Output_reads.fastq
    output: ProwlerProcessed
    jobid: 3
    reason: Missing output files: ProwlerProcessed
    resources: tmpdir=/tmp

[Tue May  2 10:33:17 2023]
Finished job 3.
1 of 2 steps (50%) done
Select jobs to execute...

[Tue May  2 10:33:17 2023]
localrule all:
    input: reports/Results.html, reports/Statistics.txt, ProwlerProcessed
    jobid: 0
    reason: Input files updated by another job: ProwlerProcessed
    resources: tmpdir=/tmp

[Tue May  2 10:33:17 2023]
Finished job 0.
2 of 2 steps (100%) done
Complete log: .snakemake/log/2023-05-02T103315.090091.snakemake.log
