The flag 'directory' used in rule all is only valid for outputs, not inputs.
Building DAG of jobs...
Using shell: /usr/bin/bash
Provided cores: 8
Rules claiming more threads will be scaled down.
Job stats:
job                 count    min threads    max threads
----------------  -------  -------------  -------------
ProwlerTrim             1              1              1
StatisticsToHTML        1              1              1
all                     1              1              1
porechopABI_call        1              1              1
total                   4              1              1

Select jobs to execute...

[Mon May  1 20:05:16 2023]
rule porechopABI_call:
    input: PorechopABI/fastq_runid_211de24bb98b581ec357aee6dd1409fc7b321927_0_0.fastq
    output: PorechopABI/Output_reads.fastq, reports/Statistics.txt
    jobid: 2
    reason: Forced execution
    resources: tmpdir=/tmp

Activating conda environment: .snakemake/conda/8ff5eb033241f5889665bcedcbfab59f_
[Mon May  1 20:06:43 2023]
Finished job 2.
1 of 4 steps (25%) done
Select jobs to execute...

[Mon May  1 20:06:43 2023]
rule StatisticsToHTML:
    input: reports/Statistics.txt
    output: reports/Results.html
    jobid: 1
    reason: Input files updated by another job: reports/Statistics.txt
    resources: tmpdir=/tmp

[Mon May  1 20:06:43 2023]
rule ProwlerTrim:
    input: PorechopABI/Output_reads.fastq
    output: ProwlerPreprocessed
    jobid: 3
    reason: Input files updated by another job: PorechopABI/Output_reads.fastq
    resources: tmpdir=/tmp

[Mon May  1 20:06:43 2023]
Finished job 1.
2 of 4 steps (50%) done
[Mon May  1 20:06:44 2023]
Error in rule ProwlerTrim:
    jobid: 3
    input: PorechopABI/Output_reads.fastq
    output: ProwlerPreprocessed
    shell:
        python3 scripts/TrimmerLarge.py -f PorechopABI/Output_reads.fastq -i PorechopABI/ -o ProwlerPreprocessed -m 'D' -r '.fasta'
        (one of the commands exited with non-zero exit code; note that snakemake uses bash strict mode!)

Shutting down, this might take some time.
Exiting because a job execution failed. Look above for error message
Complete log: .snakemake/log/2023-05-01T200515.904382.snakemake.log
