Building DAG of jobs...
Using shell: /usr/bin/bash
Provided cores: 8
Rules claiming more threads will be scaled down.
Job stats:
job                 count    min threads    max threads
----------------  -------  -------------  -------------
StatisticsToHTML        1              1              1
all                     1              1              1
total                   2              1              1

Select jobs to execute...

[Sat May 13 11:43:56 2023]
rule StatisticsToHTML:
    input: reports/fastq_runid_211/fastq_runid_211Statistics.txt, PorechopABI/fastq_runid_211/fastq_runid_211PoreChopReads.fastq
    output: reports/fastq_runid_211/fastq_runid_211Results.html
    jobid: 1
    reason: Forced execution
    resources: tmpdir=/tmp

[Sat May 13 11:43:56 2023]
Finished job 1.
1 of 2 steps (50%) done
Select jobs to execute...

[Sat May 13 11:43:56 2023]
localrule all:
    input: reports/fastq_runid_211/fastq_runid_211Results.html
    jobid: 0
    reason: Input files updated by another job: reports/fastq_runid_211/fastq_runid_211Results.html
    resources: tmpdir=/tmp

[Sat May 13 11:43:56 2023]
Finished job 0.
2 of 2 steps (100%) done
Complete log: .snakemake/log/2023-05-13T114355.836902.snakemake.log
