The flag 'directory' used in rule all is only valid for outputs, not inputs.
Building DAG of jobs...
Using shell: /usr/bin/bash
Provided cores: 8
Rules claiming more threads will be scaled down.
Job stats:
job                count    min threads    max threads
---------------  -------  -------------  -------------
ProwlerTrim            1              1              1
all                    1              1              1
porechopABIcall        1              1              1
total                  3              1              1

Select jobs to execute...

[Tue May  2 21:48:22 2023]
rule porechopABIcall:
    input: PorechopABI/fastq_runid_211de24bb98b581ec357aee6dd1409fc7b321927_0_0.fastq
    output: PorechopABI/Output_reads.fastq, reports/Statistics.txt
    jobid: 1
    reason: Forced execution
    priority: 10
    resources: tmpdir=/tmp

Activating conda environment: .snakemake/conda/8ff5eb033241f5889665bcedcbfab59f_
[Tue May  2 21:49:54 2023]
Finished job 1.
1 of 3 steps (33%) done
Select jobs to execute...

[Tue May  2 21:49:54 2023]
rule ProwlerTrim:
    input: scripts, PorechopABI/Output_reads.fastq
    output: ProwlerProcessed
    jobid: 2
    reason: Input files updated by another job: PorechopABI/Output_reads.fastq
    priority: 7
    resources: tmpdir=/tmp

[Tue May  2 21:49:55 2023]
Finished job 2.
2 of 3 steps (67%) done
Select jobs to execute...

[Tue May  2 21:49:55 2023]
localrule all:
    input: reports/Statistics.txt, ProwlerProcessed
    jobid: 0
    reason: Input files updated by another job: ProwlerProcessed, reports/Statistics.txt
    resources: tmpdir=/tmp

[Tue May  2 21:49:55 2023]
Finished job 0.
3 of 3 steps (100%) done
Complete log: .snakemake/log/2023-05-02T214821.811069.snakemake.log
