Building DAG of jobs...
Using shell: /usr/bin/bash
Provided cores: 8
Rules claiming more threads will be scaled down.
Job stats:
job                 count    min threads    max threads
----------------  -------  -------------  -------------
ConcatFiles             1              4              4
DiamondAlignment        1              6              6
FilterFastaSACRA        1              4              4
FilteringDIAMOND        1              4              4
ProwlerTrim             1              4              4
SACRAcall               1              8              8
StatisticsToHTML        1              4              4
all                     1              1              1
porechopABIcall         1              6              6
total                   9              1              8

Select jobs to execute...

[Thu May 11 20:35:00 2023]
rule ConcatFiles:
    output: PorechopABI/fastq_runid_211/fastq_runid_211Concatfiles.fastq
    jobid: 2
    reason: Forced execution
    threads: 4
    resources: tmpdir=/tmp

[Thu May 11 20:35:03 2023]
Finished job 2.
1 of 9 steps (11%) done
Select jobs to execute...

[Thu May 11 20:35:03 2023]
rule porechopABIcall:
    input: PorechopABI/fastq_runid_211/fastq_runid_211Concatfiles.fastq
    output: PorechopABI/fastq_runid_211/fastq_runid_211PoreChopReads.fastq, reports/fastq_runid_211/fastq_runid_211Statistics.txt
    jobid: 3
    reason: Input files updated by another job: PorechopABI/fastq_runid_211/fastq_runid_211Concatfiles.fastq
    threads: 6
    resources: tmpdir=/tmp

Activating conda environment: .snakemake/conda/2d5175163c35337e572d841e1046dee7_
[Thu May 11 20:47:56 2023]
Finished job 3.
2 of 9 steps (22%) done
Select jobs to execute...

[Thu May 11 20:47:56 2023]
rule ProwlerTrim:
    input: PorechopABI/fastq_runid_211/fastq_runid_211PoreChopReads.fastq
    output: ProwlerProcessed/fastq_runid_211/fastq_runid_211PoreChopReadsTrimLT-U0-D7W100L100R0.fasta
    jobid: 4
    reason: Input files updated by another job: PorechopABI/fastq_runid_211/fastq_runid_211PoreChopReads.fastq
    threads: 4
    resources: tmpdir=/tmp

[Thu May 11 20:49:54 2023]
Finished job 4.
3 of 9 steps (33%) done
Select jobs to execute...

[Thu May 11 20:49:54 2023]
rule SACRAcall:
    input: ProwlerProcessed/fastq_runid_211/fastq_runid_211PoreChopReadsTrimLT-U0-D7W100L100R0.fasta
    output: SACRAResults/fastq_runid_211/fastq_runid_211SacraResults.fasta, ProwlerProcessed/fastq_runid_211/fastq_runid_211PoreChopReadsTrimLT-U0-D7W100L100R0.fasta.split.fasta, ProwlerProcessed/fastq_runid_211/fastq_runid_211PoreChopReadsTrimLT-U0-D7W100L100R0.fasta.non_chimera.fasta
    jobid: 5
    reason: Missing output files: SACRAResults/fastq_runid_211/fastq_runid_211SacraResults.fasta, ProwlerProcessed/fastq_runid_211/fastq_runid_211PoreChopReadsTrimLT-U0-D7W100L100R0.fasta.split.fasta, ProwlerProcessed/fastq_runid_211/fastq_runid_211PoreChopReadsTrimLT-U0-D7W100L100R0.fasta.non_chimera.fasta; Input files updated by another job: ProwlerProcessed/fastq_runid_211/fastq_runid_211PoreChopReadsTrimLT-U0-D7W100L100R0.fasta
    threads: 8
    resources: tmpdir=/tmp

Activating conda environment: .snakemake/conda/ddb7645d0f5a0c54a3d1f714666cff46_
[Fri May 12 00:21:22 2023]
Finished job 5.
4 of 9 steps (44%) done
Select jobs to execute...

[Fri May 12 00:21:22 2023]
rule FilterFastaSACRA:
    input: SACRAResults/fastq_runid_211/fastq_runid_211SacraResults.fasta
    output: SACRAResults/fastq_runid_211/fastq_runid_211SacraResultsFiltered.fasta
    jobid: 6
    reason: Missing output files: SACRAResults/fastq_runid_211/fastq_runid_211SacraResultsFiltered.fasta; Input files updated by another job: SACRAResults/fastq_runid_211/fastq_runid_211SacraResults.fasta
    threads: 4
    resources: tmpdir=/tmp

[Fri May 12 00:21:22 2023]
Finished job 6.
5 of 9 steps (56%) done
Select jobs to execute...

[Fri May 12 00:21:22 2023]
rule DiamondAlignment:
    input: SACRAResults/fastq_runid_211/fastq_runid_211SacraResultsFiltered.fasta
    output: Diamond/fastq_runid_211/fastq_runid_211Diamond_ATP6.csv, Diamond/fastq_runid_211/fastq_runid_211Diamond_ATP8.csv, Diamond/fastq_runid_211/fastq_runid_211Diamond_COX1.csv, Diamond/fastq_runid_211/fastq_runid_211Diamond_COX2.csv, Diamond/fastq_runid_211/fastq_runid_211Diamond_COX3.csv, Diamond/fastq_runid_211/fastq_runid_211Diamond_CYTB.csv, Diamond/fastq_runid_211/fastq_runid_211Diamond_NAD1.csv, Diamond/fastq_runid_211/fastq_runid_211Diamond_NAD2.csv, Diamond/fastq_runid_211/fastq_runid_211Diamond_NAD3.csv, Diamond/fastq_runid_211/fastq_runid_211Diamond_NAD4.csv, Diamond/fastq_runid_211/fastq_runid_211Diamond_NAD4L.csv, Diamond/fastq_runid_211/fastq_runid_211Diamond_NAD5.csv, Diamond/fastq_runid_211/fastq_runid_211Diamond_NAD6.csv
    jobid: 7
    reason: Missing output files: Diamond/fastq_runid_211/fastq_runid_211Diamond_NAD2.csv, Diamond/fastq_runid_211/fastq_runid_211Diamond_NAD6.csv, Diamond/fastq_runid_211/fastq_runid_211Diamond_ATP6.csv, Diamond/fastq_runid_211/fastq_runid_211Diamond_NAD4L.csv, Diamond/fastq_runid_211/fastq_runid_211Diamond_COX2.csv, Diamond/fastq_runid_211/fastq_runid_211Diamond_COX3.csv, Diamond/fastq_runid_211/fastq_runid_211Diamond_ATP8.csv, Diamond/fastq_runid_211/fastq_runid_211Diamond_COX1.csv, Diamond/fastq_runid_211/fastq_runid_211Diamond_NAD1.csv, Diamond/fastq_runid_211/fastq_runid_211Diamond_NAD3.csv, Diamond/fastq_runid_211/fastq_runid_211Diamond_NAD4.csv, Diamond/fastq_runid_211/fastq_runid_211Diamond_CYTB.csv, Diamond/fastq_runid_211/fastq_runid_211Diamond_NAD5.csv; Input files updated by another job: SACRAResults/fastq_runid_211/fastq_runid_211SacraResultsFiltered.fasta
    threads: 6
    resources: tmpdir=/tmp

[Fri May 12 00:21:24 2023]
Error in rule DiamondAlignment:
    jobid: 7
    input: SACRAResults/fastq_runid_211/fastq_runid_211SacraResultsFiltered.fasta
    output: Diamond/fastq_runid_211/fastq_runid_211Diamond_ATP6.csv, Diamond/fastq_runid_211/fastq_runid_211Diamond_ATP8.csv, Diamond/fastq_runid_211/fastq_runid_211Diamond_COX1.csv, Diamond/fastq_runid_211/fastq_runid_211Diamond_COX2.csv, Diamond/fastq_runid_211/fastq_runid_211Diamond_COX3.csv, Diamond/fastq_runid_211/fastq_runid_211Diamond_CYTB.csv, Diamond/fastq_runid_211/fastq_runid_211Diamond_NAD1.csv, Diamond/fastq_runid_211/fastq_runid_211Diamond_NAD2.csv, Diamond/fastq_runid_211/fastq_runid_211Diamond_NAD3.csv, Diamond/fastq_runid_211/fastq_runid_211Diamond_NAD4.csv, Diamond/fastq_runid_211/fastq_runid_211Diamond_NAD4L.csv, Diamond/fastq_runid_211/fastq_runid_211Diamond_NAD5.csv, Diamond/fastq_runid_211/fastq_runid_211Diamond_NAD6.csv
    shell:
        
        diamond blastx -d Diamond/DB/ATP6 -q SACRAResults/fastq_runid_211/fastq_runid_211SacraResultsFiltered.fasta -k 1 -f 6 -o Diamond/fastq_runid_211/fastq_runid_211Diamond_ATP6.csv
        diamond blastx -d Diamond/DB/ATP8 -q SACRAResults/fastq_runid_211/fastq_runid_211SacraResultsFiltered.fasta -k 1 -f 6 -o Diamond/fastq_runid_211/fastq_runid_211Diamond_ATP8.csv
        diamond blastx -d Diamond/DB/COX1 -q SACRAResults/fastq_runid_211/fastq_runid_211SacraResultsFiltered.fasta -k 1 -f 6 -o Diamond/fastq_runid_211/fastq_runid_211Diamond_COX1.csv
        diamond blastx -d Diamond/DB/COX2 -q SACRAResults/fastq_runid_211/fastq_runid_211SacraResultsFiltered.fasta -k 1 -f 6 -o Diamond/fastq_runid_211/fastq_runid_211Diamond_COX2.csv
        diamond blastx -d Diamond/DB/COX3 -q SACRAResults/fastq_runid_211/fastq_runid_211SacraResultsFiltered.fasta -k 1 -f 6 -o Diamond/fastq_runid_211/fastq_runid_211Diamond_COX3.csv
        diamond blastx -d Diamond/DB/CYTB -q SACRAResults/fastq_runid_211/fastq_runid_211SacraResultsFiltered.fasta -k 1 -f 6 -o Diamond/fastq_runid_211/fastq_runid_211Diamond_CYTB.csv
        diamond blastx -d Diamond/DB/NAD1 -q SACRAResults/fastq_runid_211/fastq_runid_211SacraResultsFiltered.fasta -k 1 -f 6 -o Diamond/fastq_runid_211/fastq_runid_211Diamond_NAD1.csv
        diamond blastx -d Diamond/DB/NAD2 -q SACRAResults/fastq_runid_211/fastq_runid_211SacraResultsFiltered.fasta -k 1 -f 6 -o Diamond/fastq_runid_211/fastq_runid_211Diamond_NAD2.csv
        diamond blastx -d Diamond/DB/NAD3 -q SACRAResults/fastq_runid_211/fastq_runid_211SacraResultsFiltered.fasta -k 1 -f 6 -o Diamond/fastq_runid_211/fastq_runid_211Diamond_NAD3.csv
        diamond blastx -d Diamond/DB/NAD4 -q SACRAResults/fastq_runid_211/fastq_runid_211SacraResultsFiltered.fasta -k 1 -f 6 -o Diamond/fastq_runid_211/fastq_runid_211Diamond_NAD4.csv
        diamond blastx -d Diamond/DB/NAD4L -q SACRAResults/fastq_runid_211/fastq_runid_211SacraResultsFiltered.fasta -k 1 -f 6 -o Diamond/fastq_runid_211/fastq_runid_211Diamond_NAD4L.csv
        diamond blastx -d Diamond/DB/NAD5 -q SACRAResults/fastq_runid_211/fastq_runid_211SacraResultsFiltered.fasta -k 1 -f 6 -o Diamond/fastq_runid_211/fastq_runid_211Diamond_NAD5.csv
        diamond blastx -d Diamond/DB/NAD6 -q SACRAResults/fastq_runid_211/fastq_runid_211SacraResultsFiltered.fasta -k 1 -f 6 -o Diamond/fastq_runid_211/fastq_runid_211Diamond_NAD6.csv
        
        (one of the commands exited with non-zero exit code; note that snakemake uses bash strict mode!)

Shutting down, this might take some time.
Exiting because a job execution failed. Look above for error message
Complete log: .snakemake/log/2023-05-11T203457.243654.snakemake.log
