Building DAG of jobs...
Using shell: /usr/bin/bash
Provided cores: 8
Rules claiming more threads will be scaled down.
Job stats:
job                 count    min threads    max threads
----------------  -------  -------------  -------------
StatisticsToHTML        1              1              1
all                     1              1              1
total                   2              1              1

Select jobs to execute...

[Fri Apr 28 10:12:44 2023]
rule StatisticsToHTML:
    input: reports/Statistics.txt
    output: Results.html
    jobid: 1
    reason: Missing output files: Results.html
    resources: tmpdir=/tmp

[Fri Apr 28 10:12:44 2023]
Error in rule StatisticsToHTML:
    jobid: 1
    input: reports/Statistics.txt
    output: Results.html

Shutting down, this might take some time.
Exiting because a job execution failed. Look above for error message
Complete log: .snakemake/log/2023-04-28T101243.577993.snakemake.log
