Building DAG of jobs...
Using shell: /usr/bin/bash
Provided cores: 8
Rules claiming more threads will be scaled down.
Job stats:
job            count    min threads    max threads
-----------  -------  -------------  -------------
ProwlerTrim        1              1              1
all                1              1              1
total              2              1              1

Select jobs to execute...

[Mon May  1 18:00:48 2023]
rule ProwlerTrim:
    input: PorechopABI/Output_reads.fastq
    output: Prowlerprocessed
    jobid: 3
    reason: Missing output files: Prowlerprocessed
    resources: tmpdir=/tmp

[Mon May  1 18:00:48 2023]
Error in rule ProwlerTrim:
    jobid: 3
    input: PorechopABI/Output_reads.fastq
    output: Prowlerprocessed

Shutting down, this might take some time.
Exiting because a job execution failed. Look above for error message
Complete log: .snakemake/log/2023-05-01T180047.558261.snakemake.log
