Building DAG of jobs...
Using shell: /usr/bin/bash
Provided cores: 8
Rules claiming more threads will be scaled down.
Job stats:
job                 count    min threads    max threads
----------------  -------  -------------  -------------
StatisticsToHTML        1              1              1
all                     1              1              1
porechopABIcall         1              1              1
total                   3              1              1

Select jobs to execute...

[Wed May  3 08:43:41 2023]
rule porechopABIcall:
    input: PorechopABI/fastq_runid_211de24bb98b581ec357aee6dd1409fc7b321927_0_0.fastq
    output: PorechopABI/Output_reads.fastq, reports/Statistics.txt
    jobid: 2
    reason: Forced execution
    priority: 10
    resources: tmpdir=/tmp

Activating conda environment: .snakemake/conda/8ff5eb033241f5889665bcedcbfab59f_
[Wed May  3 08:45:13 2023]
Finished job 2.
1 of 3 steps (33%) done
Select jobs to execute...

[Wed May  3 08:45:13 2023]
rule StatisticsToHTML:
    input: reports/Statistics.txt, PorechopABI/Output_reads.fastq, ProwlerProcessed/Output_readsTrimLT-U0-D7W100L100R0.fasta
    output: reports/Results.html
    jobid: 1
    reason: Input files updated by another job: PorechopABI/Output_reads.fastq, reports/Statistics.txt
    priority: 3
    resources: tmpdir=/tmp

[Wed May  3 08:45:15 2023]
Finished job 1.
2 of 3 steps (67%) done
Select jobs to execute...

[Wed May  3 08:45:15 2023]
localrule all:
    input: reports/Results.html
    jobid: 0
    reason: Input files updated by another job: reports/Results.html
    resources: tmpdir=/tmp

[Wed May  3 08:45:15 2023]
Finished job 0.
3 of 3 steps (100%) done
Complete log: .snakemake/log/2023-05-03T084340.032682.snakemake.log
