The flag 'directory' used in rule all is only valid for outputs, not inputs.
Building DAG of jobs...
Using shell: /usr/bin/bash
Provided cores: 8
Rules claiming more threads will be scaled down.
Job stats:
job            count    min threads    max threads
-----------  -------  -------------  -------------
ProwlerTrim        1              1              1
all                1              1              1
total              2              1              1

Select jobs to execute...

[Mon May  1 20:02:57 2023]
rule ProwlerTrim:
    input: PorechopABI/Output_reads.fastq
    output: ProwlerProcessed
    jobid: 3
    reason: Missing output files: ProwlerProcessed
    resources: tmpdir=/tmp

[Mon May  1 20:02:58 2023]
Error in rule ProwlerTrim:
    jobid: 3
    input: PorechopABI/Output_reads.fastq
    output: ProwlerProcessed
    shell:
        python3 scripts/TrimmerLarge.py -f PorechopABI/Output_reads.fastq -i PorechopABI/ -o ProwlerProcessed -m 'D' -r '.fasta'
        (one of the commands exited with non-zero exit code; note that snakemake uses bash strict mode!)

Shutting down, this might take some time.
Exiting because a job execution failed. Look above for error message
Complete log: .snakemake/log/2023-05-01T200256.322827.snakemake.log
