Building DAG of jobs...
Using shell: /usr/bin/bash
Provided cores: 8
Rules claiming more threads will be scaled down.
Job stats:
job                 count    min threads    max threads
----------------  -------  -------------  -------------
DiamondAlignment        1              1              1
FilteringDIAMOND        1              1              1
StatisticsToHTML        1              1              1
all                     1              1              1
total                   4              1              1

Select jobs to execute...

[Wed May 10 17:17:23 2023]
rule DiamondAlignment:
    input: SACRAResults/fastq_runid_211SacraResultsFiltered.fasta
    output: Diamond/fastq_runid_211/fastq_runid_211Diamond_ATP6.csv, Diamond/fastq_runid_211/fastq_runid_211Diamond_ATP8.csv, Diamond/fastq_runid_211/fastq_runid_211Diamond_COX1.csv, Diamond/fastq_runid_211/fastq_runid_211Diamond_COX2.csv, Diamond/fastq_runid_211/fastq_runid_211Diamond_COX3.csv, Diamond/fastq_runid_211/fastq_runid_211Diamond_CYTB.csv, Diamond/fastq_runid_211/fastq_runid_211Diamond_NAD1.csv, Diamond/fastq_runid_211/fastq_runid_211Diamond_NAD2.csv, Diamond/fastq_runid_211/fastq_runid_211Diamond_NAD3.csv, Diamond/fastq_runid_211/fastq_runid_211Diamond_NAD4.csv, Diamond/fastq_runid_211/fastq_runid_211Diamond_NAD4L.csv, Diamond/fastq_runid_211/fastq_runid_211Diamond_NAD5.csv, Diamond/fastq_runid_211/fastq_runid_211Diamond_NAD6.csv
    jobid: 6
    reason: Missing output files: Diamond/fastq_runid_211/fastq_runid_211Diamond_NAD6.csv
    resources: tmpdir=/tmp


[Wed May 10 17:17:23 2023]
rule FilteringDIAMOND:
    input: Diamond/fastq_runid_211, SACRAResults/fastq_runid_211SacraResultsFiltered.fasta
    output: AssemblyFasta/fastq_runid_211FastaForAssembly.fasta
    jobid: 7
    reason: Missing output files: AssemblyFasta/fastq_runid_211FastaForAssembly.fasta
    resources: tmpdir=/tmp

[Wed May 10 17:17:24 2023]
Error in rule FilteringDIAMOND:
    jobid: 7
    input: Diamond/fastq_runid_211, SACRAResults/fastq_runid_211SacraResultsFiltered.fasta
    output: AssemblyFasta/fastq_runid_211FastaForAssembly.fasta
    shell:
        python3 scripts/DiamondToAssembly.py Diamond/fastq_runid_211 SACRAResults/fastq_runid_211SacraResultsFiltered.fasta AssemblyFasta/fastq_runid_211FastaForAssembly.fasta
        (one of the commands exited with non-zero exit code; note that snakemake uses bash strict mode!)

Removing output files of failed job FilteringDIAMOND since they might be corrupted:
AssemblyFasta/fastq_runid_211FastaForAssembly.fasta
[Wed May 10 17:17:28 2023]
Finished job 6.
1 of 4 steps (25%) done
Shutting down, this might take some time.
Exiting because a job execution failed. Look above for error message
Complete log: .snakemake/log/2023-05-10T171722.559045.snakemake.log
