Building DAG of jobs...
Using shell: /usr/bin/bash
Provided cores: 8
Rules claiming more threads will be scaled down.
Job stats:
job                 count    min threads    max threads
----------------  -------  -------------  -------------
ConcatFiles             1              4              4
DiamondAlignment        1              6              6
FilterFastaSACRA        1              4              4
FilteringDIAMOND        1              4              4
ProwlerTrim             1              4              4
SACRAcall               1              8              8
StatisticsToHTML        1              4              4
all                     1              1              1
porechopABIcall         1              6              6
total                   9              1              8

Select jobs to execute...

[Thu May 11 15:48:14 2023]
rule ConcatFiles:
    output: PorechopABI/fastq_runid_211/fastq_runid_211Concatfiles.fastq
    jobid: 2
    reason: Forced execution
    threads: 4
    resources: tmpdir=/tmp

[Thu May 11 15:48:16 2023]
Finished job 2.
1 of 9 steps (11%) done
Select jobs to execute...

[Thu May 11 15:48:16 2023]
rule porechopABIcall:
    input: PorechopABI/fastq_runid_211/fastq_runid_211Concatfiles.fastq
    output: PorechopABI/fastq_runid_211/fastq_runid_211PoreChopReads.fastq, reports/fastq_runid_211/fastq_runid_211Statistics.txt
    jobid: 3
    reason: Missing output files: PorechopABI/fastq_runid_211/fastq_runid_211PoreChopReads.fastq; Input files updated by another job: PorechopABI/fastq_runid_211/fastq_runid_211Concatfiles.fastq
    threads: 6
    resources: tmpdir=/tmp

Activating conda environment: .snakemake/conda/2d5175163c35337e572d841e1046dee7_
[Thu May 11 16:00:00 2023]
Finished job 3.
2 of 9 steps (22%) done
Select jobs to execute...

[Thu May 11 16:00:00 2023]
rule ProwlerTrim:
    input: PorechopABI/fastq_runid_211/fastq_runid_211PoreChopReads.fastq
    output: ProwlerProcessed/fastq_runid_211/fastq_runid_211PoreChopReadsTrimLT-U0-D7W100L100R0.fasta
    jobid: 4
    reason: Input files updated by another job: PorechopABI/fastq_runid_211/fastq_runid_211PoreChopReads.fastq
    threads: 4
    resources: tmpdir=/tmp

[Thu May 11 16:01:49 2023]
Finished job 4.
3 of 9 steps (33%) done
Select jobs to execute...

[Thu May 11 16:01:49 2023]
rule SACRAcall:
    input: ProwlerProcessed/fastq_runid_211/fastq_runid_211PoreChopReadsTrimLT-U0-D7W100L100R0.fasta
    output: SACRAResults/fastq_runid_211/fastq_runid_211SacraResults.fasta, ProwlerProcessed/fastq_runid_211/fastq_runid_211PoreChopReadsTrimLT-U0-D7W100L100R0.fasta.split.fasta, ProwlerProcessed/fastq_runid_211/fastq_runid_211PoreChopReadsTrimLT-U0-D7W100L100R0.fasta.non_chimera.fasta
    jobid: 5
    reason: Missing output files: ProwlerProcessed/fastq_runid_211/fastq_runid_211PoreChopReadsTrimLT-U0-D7W100L100R0.fasta.split.fasta, SACRAResults/fastq_runid_211/fastq_runid_211SacraResults.fasta, ProwlerProcessed/fastq_runid_211/fastq_runid_211PoreChopReadsTrimLT-U0-D7W100L100R0.fasta.non_chimera.fasta; Input files updated by another job: ProwlerProcessed/fastq_runid_211/fastq_runid_211PoreChopReadsTrimLT-U0-D7W100L100R0.fasta
    threads: 8
    resources: tmpdir=/tmp

Activating conda environment: .snakemake/conda/ddb7645d0f5a0c54a3d1f714666cff46_
Terminating processes on user request, this might take some time.
[Thu May 11 17:03:49 2023]
Error in rule SACRAcall:
    jobid: 5
    input: ProwlerProcessed/fastq_runid_211/fastq_runid_211PoreChopReadsTrimLT-U0-D7W100L100R0.fasta
    output: SACRAResults/fastq_runid_211/fastq_runid_211SacraResults.fasta, ProwlerProcessed/fastq_runid_211/fastq_runid_211PoreChopReadsTrimLT-U0-D7W100L100R0.fasta.split.fasta, ProwlerProcessed/fastq_runid_211/fastq_runid_211PoreChopReadsTrimLT-U0-D7W100L100R0.fasta.non_chimera.fasta
    conda-env: /home/guillaume/ChimereNanoporePipeline/.snakemake/conda/ddb7645d0f5a0c54a3d1f714666cff46_
    shell:
        scripts/SACRA.sh -i ProwlerProcessed/fastq_runid_211/fastq_runid_211PoreChopReadsTrimLT-U0-D7W100L100R0.fasta -p SACRAResults/fastq_runid_211/fastq_runid_211SacraResults.fasta -t 6 -c config_sacra.yml
        (one of the commands exited with non-zero exit code; note that snakemake uses bash strict mode!)

Cancelling snakemake on user request.
