Building DAG of jobs...
Using shell: /usr/bin/bash
Provided cores: 6
Rules claiming more threads will be scaled down.
Job stats:
job                 count    min threads    max threads
----------------  -------  -------------  -------------
ProwlerTrim             1              1              1
SACRAcall               1              1              1
StatisticsToHTML        1              1              1
all                     1              1              1
porechopABIcall         1              1              1
total                   5              1              1

Select jobs to execute...

[Thu May  4 15:32:54 2023]
rule porechopABIcall:
    input: PorechopABI/fastq_runid_211de24bb98b581ec357aee6dd1409fc7b321927_0_0.fastq
    output: PorechopABI/fastq_runid_211PoreChopReads.fastq, reports/fastq_runid_211Statistics.txt
    jobid: 2
    reason: Forced execution
    resources: tmpdir=/tmp

Activating conda environment: .snakemake/conda/8ff5eb033241f5889665bcedcbfab59f_
[Thu May  4 15:34:38 2023]
Finished job 2.
1 of 5 steps (20%) done
Select jobs to execute...

[Thu May  4 15:34:38 2023]
rule ProwlerTrim:
    input: PorechopABI/fastq_runid_211PoreChopReads.fastq
    output: ProwlerProcessed/fastq_runid_211PoreChopReadsTrimLT-U0-D7W100L100R0.fasta
    jobid: 3
    reason: Input files updated by another job: PorechopABI/fastq_runid_211PoreChopReads.fastq
    resources: tmpdir=/tmp

[Thu May  4 15:34:40 2023]
Finished job 3.
2 of 5 steps (40%) done
Select jobs to execute...

[Thu May  4 15:34:40 2023]
rule SACRAcall:
    input: ProwlerProcessed/fastq_runid_211PoreChopReadsTrimLT-U0-D7W100L100R0.fasta
    output: SACRAResults/fastq_runid_211SacraResults.fasta, ProwlerProcessed/fastq_runid_211PoreChopReadsTrimLT-U0-D7W100L100R0.fasta.split.fasta, ProwlerProcessed/fastq_runid_211PoreChopReadsTrimLT-U0-D7W100L100R0.fasta.non_chimera.fasta
    jobid: 4
    reason: Input files updated by another job: ProwlerProcessed/fastq_runid_211PoreChopReadsTrimLT-U0-D7W100L100R0.fasta
    resources: tmpdir=/tmp

Activating conda environment: .snakemake/conda/f655fa01c3df1c861f181a2fd0ee0401_
[Thu May  4 15:38:24 2023]
Finished job 4.
3 of 5 steps (60%) done
Select jobs to execute...

[Thu May  4 15:38:24 2023]
rule StatisticsToHTML:
    input: reports/fastq_runid_211Statistics.txt, PorechopABI/fastq_runid_211PoreChopReads.fastq, ProwlerProcessed/fastq_runid_211PoreChopReadsTrimLT-U0-D7W100L100R0.fasta, ProwlerProcessed/fastq_runid_211PoreChopReadsTrimLT-U0-D7W100L100R0.fasta.split.fasta, ProwlerProcessed/fastq_runid_211PoreChopReadsTrimLT-U0-D7W100L100R0.fasta.non_chimera.fasta
    output: reports/fastq_runid_211Results.html
    jobid: 1
    reason: Missing output files: reports/fastq_runid_211Results.html; Input files updated by another job: reports/fastq_runid_211Statistics.txt, ProwlerProcessed/fastq_runid_211PoreChopReadsTrimLT-U0-D7W100L100R0.fasta.non_chimera.fasta, ProwlerProcessed/fastq_runid_211PoreChopReadsTrimLT-U0-D7W100L100R0.fasta, ProwlerProcessed/fastq_runid_211PoreChopReadsTrimLT-U0-D7W100L100R0.fasta.split.fasta, PorechopABI/fastq_runid_211PoreChopReads.fastq
    resources: tmpdir=/tmp

[Thu May  4 15:38:26 2023]
Finished job 1.
4 of 5 steps (80%) done
Select jobs to execute...

[Thu May  4 15:38:26 2023]
localrule all:
    input: reports/fastq_runid_211Results.html
    jobid: 0
    reason: Input files updated by another job: reports/fastq_runid_211Results.html
    resources: tmpdir=/tmp

[Thu May  4 15:38:26 2023]
Finished job 0.
5 of 5 steps (100%) done
Complete log: .snakemake/log/2023-05-04T153252.919442.snakemake.log
