The flag 'directory' used in rule all is only valid for outputs, not inputs.
Building DAG of jobs...
Using shell: /usr/bin/bash
Provided cores: 8
Rules claiming more threads will be scaled down.
Job stats:
job           count    min threads    max threads
----------  -------  -------------  -------------
SACRA_call        1              1              1
all               1              1              1
total             2              1              1

Select jobs to execute...

[Tue May  2 11:26:24 2023]
rule SACRA_call:
    input: scripts, ProwlerProcessed/Output_readsTrimLT-U0-D7W100L100R0.fasta
    output: sacra_results.fasta
    jobid: 4
    reason: Missing output files: sacra_results.fasta
    resources: tmpdir=/tmp

Activating conda environment: .snakemake/conda/f655fa01c3df1c861f181a2fd0ee0401_
Waiting at most 5 seconds for missing files.
MissingOutputException in rule SACRA_call in file /home/guillaume/ChimereNanoporePipeline/Snakefile, line 43:
Job 4  completed successfully, but some output files are missing. Missing files after 5 seconds. This might be due to filesystem latency. If that is the case, consider to increase the wait time with --latency-wait:
sacra_results.fasta
Shutting down, this might take some time.
Exiting because a job execution failed. Look above for error message
Complete log: .snakemake/log/2023-05-02T112623.720092.snakemake.log
