Building DAG of jobs...
Using shell: /usr/bin/bash
Provided cores: 8
Rules claiming more threads will be scaled down.
Job stats:
job                 count    min threads    max threads
----------------  -------  -------------  -------------
ConcatFiles             1              1              1
DiamondAlignment        1              1              1
FilterFastaSACRA        1              1              1
FilteringDIAMOND        1              1              1
ProwlerTrim             1              1              1
SACRAcall               1              1              1
StatisticsToHTML        1              1              1
all                     1              1              1
porechopABIcall         1              1              1
total                   9              1              1

Select jobs to execute...

[Thu May 11 13:39:24 2023]
rule ConcatFiles:
    output: PorechopABI/fastq_runid_211/fastq_runid_211Concatfiles.fastq
    jobid: 3
    reason: Missing output files: PorechopABI/fastq_runid_211/fastq_runid_211Concatfiles.fastq
    resources: tmpdir=/tmp

Shutting down, this might take some time.
Exiting because a job execution failed. Look above for error message
Complete log: .snakemake/log/2023-05-11T133922.858046.snakemake.log
