Building DAG of jobs...
Using shell: /usr/bin/bash
Provided cores: 8
Rules claiming more threads will be scaled down.
Conda environments: ignored
Job stats:
job                 count    min threads    max threads
----------------  -------  -------------  -------------
StatisticsToHTML        1              1              1
all                     1              1              1
total                   2              1              1

Select jobs to execute...

[Thu Apr 27 17:12:09 2023]
rule StatisticsToHTML:
    input: reports/Statistics.txt
    output: reports/Results.html
    jobid: 1
    reason: Missing output files: reports/Results.html
    resources: tmpdir=/tmp

[Thu Apr 27 17:12:09 2023]
Error in rule StatisticsToHTML:
    jobid: 1
    input: reports/Statistics.txt
    output: reports/Results.html

Shutting down, this might take some time.
Exiting because a job execution failed. Look above for error message
Complete log: .snakemake/log/2023-04-27T171208.673589.snakemake.log
