The flag 'directory' used in rule all is only valid for outputs, not inputs.
Building DAG of jobs...
Using shell: /usr/bin/bash
Provided cores: 8
Rules claiming more threads will be scaled down.
Job stats:
job                 count    min threads    max threads
----------------  -------  -------------  -------------
ProwlerTrim             1              1              1
Sacra_call              1              1              1
all                     1              1              1
porechopABI_call        1              1              1
total                   4              1              1

Select jobs to execute...

[Tue May  2 15:48:23 2023]
rule porechopABI_call:
    input: PorechopABI/fastq_runid_211de24bb98b581ec357aee6dd1409fc7b321927_0_0.fastq
    output: PorechopABI/Output_reads.fastq, reports/Statistics.txt
    jobid: 1
    reason: Forced execution
    resources: tmpdir=/tmp

Activating conda environment: .snakemake/conda/8ff5eb033241f5889665bcedcbfab59f_

[Tue May  2 15:48:23 2023]
rule Sacra_call:
    input: scripts, ProwlerProcessed/Output_readsTrimLT-U0-D7W100L100R0.fasta
    output: SACRAResults/sacra_results.fasta
    jobid: 3
    reason: Forced execution
    resources: tmpdir=/tmp

Activating conda environment: .snakemake/conda/f655fa01c3df1c861f181a2fd0ee0401_
[Tue May  2 15:50:44 2023]
Finished job 1.
1 of 4 steps (25%) done
Select jobs to execute...

[Tue May  2 15:50:44 2023]
rule ProwlerTrim:
    input: scripts, PorechopABI/Output_reads.fastq
    output: ProwlerProcessed
    jobid: 2
    reason: Input files updated by another job: PorechopABI/Output_reads.fastq
    resources: tmpdir=/tmp

[Tue May  2 15:50:48 2023]
Finished job 2.
2 of 4 steps (50%) done
[Tue May  2 15:52:13 2023]
Finished job 3.
3 of 4 steps (75%) done
Select jobs to execute...

[Tue May  2 15:52:13 2023]
localrule all:
    input: PorechopABI/Output_reads.fastq, reports/Statistics.txt, ProwlerProcessed, SACRAResults/sacra_results.fasta
    jobid: 0
    reason: Input files updated by another job: reports/Statistics.txt, SACRAResults/sacra_results.fasta, ProwlerProcessed, PorechopABI/Output_reads.fastq
    resources: tmpdir=/tmp

[Tue May  2 15:52:13 2023]
Finished job 0.
4 of 4 steps (100%) done
Complete log: .snakemake/log/2023-05-02T154822.314065.snakemake.log
