The flag 'directory' used in rule all is only valid for outputs, not inputs.
Building DAG of jobs...
Using shell: /usr/bin/bash
Provided cores: 8
Rules claiming more threads will be scaled down.
Job stats:
job            count    min threads    max threads
-----------  -------  -------------  -------------
ProwlerTrim        1              1              1
all                1              1              1
total              2              1              1

Select jobs to execute...

[Tue May  2 21:47:48 2023]
rule ProwlerTrim:
    input: scripts, PorechopABI/Output_reads.fastq
    output: ProwlerProcessed
    jobid: 2
    reason: Updated input files: PorechopABI/Output_reads.fastq
    priority: 7
    resources: tmpdir=/tmp

[Tue May  2 21:47:49 2023]
Finished job 2.
1 of 2 steps (50%) done
Select jobs to execute...

[Tue May  2 21:47:49 2023]
localrule all:
    input: reports/Statistics.txt, ProwlerProcessed
    jobid: 0
    reason: Input files updated by another job: ProwlerProcessed
    resources: tmpdir=/tmp

[Tue May  2 21:47:49 2023]
Finished job 0.
2 of 2 steps (100%) done
Complete log: .snakemake/log/2023-05-02T214747.100181.snakemake.log
