Building DAG of jobs...
Using shell: /usr/bin/bash
Provided cores: 8
Rules claiming more threads will be scaled down.
Job stats:
job                 count    min threads    max threads
----------------  -------  -------------  -------------
StatisticsToHTML        1              1              1
all                     1              1              1
total                   2              1              1

Select jobs to execute...

[Mon May 15 15:39:50 2023]
rule StatisticsToHTML:
    input: reports/fastq_runid_211/PorechopABI/fastq_runid_211de24bb98b581ec357aee6dd1409fc7b321927_1_0Statistics.txt, PorechopABI/fastq_runid_211, ProwlerProcessed/fastq_runid_211, SACRAResults/fastq_runid_211SacraResultsFiltered.fasta, Diamond/fastq_runid_211/fastq_runid_211Diamond_ATP6.csv, Diamond/fastq_runid_211/fastq_runid_211Diamond_ATP8.csv, Diamond/fastq_runid_211/fastq_runid_211Diamond_COX1.csv, Diamond/fastq_runid_211/fastq_runid_211Diamond_COX2.csv, Diamond/fastq_runid_211/fastq_runid_211Diamond_COX3.csv, Diamond/fastq_runid_211/fastq_runid_211Diamond_CYTB.csv, Diamond/fastq_runid_211/fastq_runid_211Diamond_NAD1.csv, Diamond/fastq_runid_211/fastq_runid_211Diamond_NAD2.csv, Diamond/fastq_runid_211/fastq_runid_211Diamond_NAD3.csv, Diamond/fastq_runid_211/fastq_runid_211Diamond_NAD4.csv, Diamond/fastq_runid_211/fastq_runid_211Diamond_NAD4L.csv, Diamond/fastq_runid_211/fastq_runid_211Diamond_NAD5.csv, Diamond/fastq_runid_211/fastq_runid_211Diamond_NAD6.csv, AssemblyFasta/fastq_runid_211FastaForAssembly.fasta
    output: reports/fastq_runid_211/fastq_runid_211Results.html
    jobid: 7
    reason: Missing output files: reports/fastq_runid_211/fastq_runid_211Results.html
    resources: tmpdir=/tmp

[Mon May 15 15:39:53 2023]
Error in rule StatisticsToHTML:
    jobid: 7
    input: reports/fastq_runid_211/PorechopABI/fastq_runid_211de24bb98b581ec357aee6dd1409fc7b321927_1_0Statistics.txt, PorechopABI/fastq_runid_211, ProwlerProcessed/fastq_runid_211, SACRAResults/fastq_runid_211SacraResultsFiltered.fasta, Diamond/fastq_runid_211/fastq_runid_211Diamond_ATP6.csv, Diamond/fastq_runid_211/fastq_runid_211Diamond_ATP8.csv, Diamond/fastq_runid_211/fastq_runid_211Diamond_COX1.csv, Diamond/fastq_runid_211/fastq_runid_211Diamond_COX2.csv, Diamond/fastq_runid_211/fastq_runid_211Diamond_COX3.csv, Diamond/fastq_runid_211/fastq_runid_211Diamond_CYTB.csv, Diamond/fastq_runid_211/fastq_runid_211Diamond_NAD1.csv, Diamond/fastq_runid_211/fastq_runid_211Diamond_NAD2.csv, Diamond/fastq_runid_211/fastq_runid_211Diamond_NAD3.csv, Diamond/fastq_runid_211/fastq_runid_211Diamond_NAD4.csv, Diamond/fastq_runid_211/fastq_runid_211Diamond_NAD4L.csv, Diamond/fastq_runid_211/fastq_runid_211Diamond_NAD5.csv, Diamond/fastq_runid_211/fastq_runid_211Diamond_NAD6.csv, AssemblyFasta/fastq_runid_211FastaForAssembly.fasta
    output: reports/fastq_runid_211/fastq_runid_211Results.html
    shell:
        
        python3 scripts/StatisticalReportGenerator.py reports/fastq_runid_211/fastq_runid_211Results.html reports/fastq_runid_211/PorechopABI/fastq_runid_211de24bb98b581ec357aee6dd1409fc7b321927_1_0Statistics.txt PorechopABI/fastq_runid_211 ProwlerProcessed/fastq_runid_211 SACRAResults/fastq_runid_211SacraResultsFiltered.fasta
        
        (one of the commands exited with non-zero exit code; note that snakemake uses bash strict mode!)

Shutting down, this might take some time.
Exiting because a job execution failed. Look above for error message
Complete log: .snakemake/log/2023-05-15T153949.414276.snakemake.log
