Building DAG of jobs...
Using shell: /usr/bin/bash
Provided cores: 4
Rules claiming more threads will be scaled down.
Conda environments: ignored
Job stats:
job              count    min threads    max threads
-------------  -------  -------------  -------------
myporechopABI        1              1              1
total                1              1              1

Select jobs to execute...

[Wed Apr 26 15:28:15 2023]
rule myporechopABI:
    input: PorechopABI/fastq_runid_211de24bb98b581ec357aee6dd1409fc7b321927_0_0.fastq
    output: PorechopABI/output_reads.fastq
    jobid: 0
    reason: Missing output files: PorechopABI/output_reads.fastq
    resources: tmpdir=/tmp

[Wed Apr 26 15:29:45 2023]
Finished job 0.
1 of 1 steps (100%) done
Complete log: .snakemake/log/2023-04-26T152814.712369.snakemake.log
