Building DAG of jobs...
Using shell: /usr/bin/bash
Provided cores: 8
Rules claiming more threads will be scaled down.
Job stats:
job                 count    min threads    max threads
----------------  -------  -------------  -------------
DiamondAlignment        1              1              1
StatisticsToHTML        1              1              1
all                     1              1              1
total                   3              1              1

Select jobs to execute...

[Tue May  9 15:42:54 2023]
rule DiamondAlignment:
    input: SACRAResults/fastq_runid_211SacraResultsFiltered.fasta
    output: Diamond/fastq_runid_211DiamondATP6.csv, Diamond/fastq_runid_211DiamondATP8.csv, Diamond/fastq_runid_211DiamondCOX1.csv, Diamond/fastq_runid_211DiamondCOX2.csv, Diamond/fastq_runid_211DiamondCOX3.csv, Diamond/fastq_runid_211DiamondCYTB.csv, Diamond/fastq_runid_211DiamondNAD1.csv, Diamond/fastq_runid_211DiamondNAD2.csv, Diamond/fastq_runid_211DiamondNAD3.csv, Diamond/fastq_runid_211DiamondNAD4.csv, Diamond/fastq_runid_211DiamondNAD4L.csv, Diamond/fastq_runid_211DiamondNAD5.csv, Diamond/fastq_runid_211DiamondNAD6.csv
    jobid: 6
    reason: Missing output files: Diamond/fastq_runid_211DiamondATP6.csv, Diamond/fastq_runid_211DiamondNAD5.csv, Diamond/fastq_runid_211DiamondNAD4L.csv, Diamond/fastq_runid_211DiamondNAD3.csv, Diamond/fastq_runid_211DiamondCOX2.csv, Diamond/fastq_runid_211DiamondNAD2.csv, Diamond/fastq_runid_211DiamondNAD6.csv, Diamond/fastq_runid_211DiamondCYTB.csv, Diamond/fastq_runid_211DiamondNAD1.csv, Diamond/fastq_runid_211DiamondCOX1.csv, Diamond/fastq_runid_211DiamondCOX3.csv, Diamond/fastq_runid_211DiamondATP8.csv, Diamond/fastq_runid_211DiamondNAD4.csv
    resources: tmpdir=/tmp

RuleException in rule DiamondAlignment in file /home/guillaume/ChimereNanoporePipeline/Snakefile, line 100:
NameError: The name 'genes' is unknown in this context. Please make sure that you defined that variable. Also note that braces not used for variable access have to be escaped by repeating them, i.e. {{print $1}}, when formatting the following:
diamond blastx -d Diamond/{genes} -q {input.sacraF} -k {params.k} -f {params.f} -o Diamond/{output.DiamondAli}.csv
