[2023-05-31 15:46:16] root: INFO: Starting Flye 2.9.2-b1786
[2023-05-31 15:46:16] root: DEBUG: Cmd: /home/genomics/gleberre/FullPipeline/workflow/.snakemake/conda/9e5df895d7c6b39bccbbcd9f6c0c0fc3_/bin/flye --nano-corr AssemblyFasta/fastq_runid_211FastaForAssembly-@-Removed.fasta --out-dir FlyeResults/fastq_runid_211/ --threads 8
[2023-05-31 15:46:16] root: DEBUG: Python version: 3.10.11 | packaged by conda-forge | (main, May 10 2023, 18:58:44) [GCC 11.3.0]
[2023-05-31 15:46:16] root: INFO: >>>STAGE: configure
[2023-05-31 15:46:16] root: INFO: Configuring run
[2023-05-31 15:46:16] root: INFO: Total read length: 1121905
[2023-05-31 15:46:16] root: INFO: Reads N50/N90: 286 / 135
[2023-05-31 15:46:16] root: INFO: Minimum overlap set to 1000
[2023-05-31 15:46:16] root: INFO: >>>STAGE: assembly
[2023-05-31 15:46:16] root: INFO: Assembling disjointigs
[2023-05-31 15:46:16] root: DEBUG: -----Begin assembly log------
[2023-05-31 15:46:16] root: DEBUG: Running: flye-modules assemble --reads /home/genomics/gleberre/FullPipeline/workflow/AssemblyFasta/fastq_runid_211FastaForAssembly-@-Removed.fasta --out-asm /home/genomics/gleberre/FullPipeline/workflow/FlyeResults/fastq_runid_211/00-assembly/draft_assembly.fasta --config /home/genomics/gleberre/FullPipeline/workflow/.snakemake/conda/9e5df895d7c6b39bccbbcd9f6c0c0fc3_/lib/python3.10/site-packages/flye/config/bin_cfg/asm_corrected_reads.cfg --log /home/genomics/gleberre/FullPipeline/workflow/FlyeResults/fastq_runid_211/flye.log --threads 8 --min-ovlp 1000
[2023-05-31 15:46:16] DEBUG: Build date: May 16 2023 07:09:57
[2023-05-31 15:46:16] DEBUG: Total RAM: 188 Gb
[2023-05-31 15:46:16] DEBUG: Available RAM: 44 Gb
[2023-05-31 15:46:16] DEBUG: Total CPUs: 128
[2023-05-31 15:46:16] DEBUG: Loading /home/genomics/gleberre/FullPipeline/workflow/.snakemake/conda/9e5df895d7c6b39bccbbcd9f6c0c0fc3_/lib/python3.10/site-packages/flye/config/bin_cfg/asm_corrected_reads.cfg
[2023-05-31 15:46:16] DEBUG: Loading /home/genomics/gleberre/FullPipeline/workflow/.snakemake/conda/9e5df895d7c6b39bccbbcd9f6c0c0fc3_/lib/python3.10/site-packages/flye/config/bin_cfg/asm_defaults.cfg
[2023-05-31 15:46:16] DEBUG: 	big_genome_threshold=29000000
[2023-05-31 15:46:16] DEBUG: 	meta_read_filter_kmer_freq=100
[2023-05-31 15:46:16] DEBUG: 	chain_large_gap_penalty=2
[2023-05-31 15:46:16] DEBUG: 	chain_small_gap_penalty=0.5
[2023-05-31 15:46:16] DEBUG: 	chain_gap_jump_threshold=100
[2023-05-31 15:46:16] DEBUG: 	max_coverage_drop_rate=5
[2023-05-31 15:46:16] DEBUG: 	max_extensions_drop_rate=5
[2023-05-31 15:46:16] DEBUG: 	chimera_window=100
[2023-05-31 15:46:16] DEBUG: 	chimera_overhang=1000
[2023-05-31 15:46:16] DEBUG: 	min_reads_in_disjointig=4
[2023-05-31 15:46:16] DEBUG: 	max_inner_reads=10
[2023-05-31 15:46:16] DEBUG: 	max_inner_fraction=0.25
[2023-05-31 15:46:16] DEBUG: 	max_separation=500
[2023-05-31 15:46:16] DEBUG: 	unique_edge_length=50000
[2023-05-31 15:46:16] DEBUG: 	min_repeat_res_support=0.51
[2023-05-31 15:46:16] DEBUG: 	out_paths_ratio=5
[2023-05-31 15:46:16] DEBUG: 	graph_cov_drop_rate=5
[2023-05-31 15:46:16] DEBUG: 	coverage_estimate_window=100
[2023-05-31 15:46:16] DEBUG: 	max_bubble_length=50000
[2023-05-31 15:46:16] DEBUG: 	loop_coverage_rate=1.5
[2023-05-31 15:46:16] DEBUG: 	repeat_edge_cov_mult=1.75
[2023-05-31 15:46:16] DEBUG: 	weak_detach_rate=5
[2023-05-31 15:46:16] DEBUG: 	tip_coverage_rate=2
[2023-05-31 15:46:16] DEBUG: 	tip_length_rate=2
[2023-05-31 15:46:16] DEBUG: 	output_gfa_before_rr=0
[2023-05-31 15:46:16] DEBUG: 	remove_alt_edges=0
[2023-05-31 15:46:16] DEBUG: 	low_cutoff_warning=0
[2023-05-31 15:46:16] DEBUG: 	kmer_size=17
[2023-05-31 15:46:16] DEBUG: 	use_minimizers=1
[2023-05-31 15:46:16] DEBUG: 	minimizer_window=5
[2023-05-31 15:46:16] DEBUG: 	reads_base_alignment=1
[2023-05-31 15:46:16] DEBUG: 	meta_read_top_kmer_rate=0.75
[2023-05-31 15:46:16] DEBUG: 	maximum_jump=1500
[2023-05-31 15:46:16] DEBUG: 	maximum_overhang=500
[2023-05-31 15:46:16] DEBUG: 	repeat_kmer_rate=100
[2023-05-31 15:46:16] DEBUG: 	assemble_ovlp_divergence=0.03
[2023-05-31 15:46:16] DEBUG: 	assemble_divergence_relative=1
[2023-05-31 15:46:16] DEBUG: 	repeat_graph_ovlp_divergence=0.03
[2023-05-31 15:46:16] DEBUG: 	read_align_ovlp_divergence=0.10
[2023-05-31 15:46:16] DEBUG: 	hpc_scoring_on=1
[2023-05-31 15:46:16] DEBUG: 	add_unassembled_reads=0
[2023-05-31 15:46:16] DEBUG: 	extend_contigs_with_repeats=0
[2023-05-31 15:46:16] DEBUG: 	min_read_cov_cutoff=3
[2023-05-31 15:46:16] DEBUG: 	short_tip_length=10000
[2023-05-31 15:46:16] DEBUG: 	long_tip_length=100000
[2023-05-31 15:46:16] DEBUG: Running with k-mer size: 17
[2023-05-31 15:46:16] DEBUG: Running with minimum overlap 1000
[2023-05-31 15:46:16] DEBUG: Metagenome mode: N
[2023-05-31 15:46:16] DEBUG: Short mode: N
[2023-05-31 15:46:16] INFO: Reading sequences
[2023-05-31 15:46:16] DEBUG: Building positional index
[2023-05-31 15:46:16] DEBUG: Total sequence: 253403 bp
[2023-05-31 15:46:16] INFO: Building minimizer index
[2023-05-31 15:46:16] INFO: Pre-calculating index storage
[2023-05-31 15:46:16] DEBUG: Mean k-mer frequency: 2.15721
[2023-05-31 15:46:16] DEBUG: Repetitive k-mer frequency: 215
[2023-05-31 15:46:16] DEBUG: Filtered 0 repetitive k-mers (0)
[2023-05-31 15:46:16] INFO: Filling index
[2023-05-31 15:46:16] DEBUG: Sorting k-mer index
[2023-05-31 15:46:16] DEBUG: Selected k-mers: 38825
[2023-05-31 15:46:16] DEBUG: K-mer index size: 83756
[2023-05-31 15:46:16] DEBUG: Mean k-mer frequency: 2.15727
[2023-05-31 15:46:16] DEBUG: Minimizer rate: 3.02549
[2023-05-31 15:46:16] DEBUG: Peak RAM usage: 0 Gb
[2023-05-31 15:46:16] DEBUG: Estimating k-mer identity bias
[2023-05-31 15:46:17] DEBUG: Initial divergence estimate : 0.214248
[2023-05-31 15:46:17] DEBUG: Relative threshold: Y
[2023-05-31 15:46:17] DEBUG: Max divergence threshold set to 0.244248
[2023-05-31 15:46:17] INFO: Extending reads
[2023-05-31 15:46:17] DEBUG: Estimating overlap coverage
[2023-05-31 15:46:17] INFO: Overlap-based coverage: 1
[2023-05-31 15:46:17] INFO: Median overlap divergence: 0.174643
[2023-05-31 15:46:17] DEBUG: Sequence divergence distribution: 

    |                               *                |                  *                                
    |                               *                |                  *                                
    |                               *                |                  *                                
    |                               *                |                  *                                
    |                               *                |                  *                                
    |                               *                |                  *                                
    |                               *                |                  *                                
    |                               *                |                  *                                
    |                   * *  **   * *  *       ** ** |     *            *                                
    |                   * *  **   * *  *       ** ** |     *            *                                
    |                   * *  **   * *  *       ** ** |     *            *                                
    |                   * *  **   * *  *       ** ** |     *            *                                
    |             * * * * ** ** *** *  *       ** ** |*   **   **       *                                
    |             * * * * ** ** *** *  *       ** ** |*   **   **       *                                
    |             * * * * ** ** *** *  *       ** ** |*   **   **       *                                
    |             * * * * ** ** *** *  *       ** ** |*   **   **       *                                
    |         *   * * *** ** ** ********** *   ** ** **  *** * *****    *  *    *                        
    |         *   * * *** ** ** ********** *   ** ** **  *** * *****    *  *    *                        
    |         *   * * *** ** ** ********** *   ** ** **  *** * *****    *  *    *                        
    |         *   * * *** ** ** ********** *   ** ** **  *** * *****    *  *    *                        
    ----------------------------------------------------------------------------------------------------
    0%        5%        10%       15%       20%       25%       30%       35%       40%       45%       

    Q25 = 0.13, Q50 = 0.17, Q75 = 0.27

[2023-05-31 15:46:17] DEBUG: Assembled disjointig 1
	With 1 reads
	Start read: +74bd4e69-20d7-4710-b587-0cedb180abd0
	At position: 1
	leftTip: 1 rightTip: 1
	Suspicious: 0
	Short ext: 0
	Mean extensions: 0
	Avg overlap len: 0
	Min overlap len: 0
	Inner reads: 0
	Length: 3318
[2023-05-31 15:46:17] DEBUG: Inner: 6 covered: 58 total: 216
[2023-05-31 15:46:17] DEBUG: Assembled disjointig 2
	With 4 reads
	Start read: +e7f2c6d6-a66a-41fd-a41b-bb90de644b81:4572-7708
	At position: 3
	leftTip: 0 rightTip: 0
	Suspicious: 3
	Short ext: 0
	Mean extensions: 1
	Avg overlap len: 2907
	Min overlap len: 2907
	Inner reads: 0
	Length: 23414
[2023-05-31 15:46:17] DEBUG: Inner: 28 covered: 98 total: 216
[2023-05-31 15:46:17] DEBUG: Assembled disjointig 3
	With 2 reads
	Start read: +9eabaced-c9a9-411e-ade5-e8955259bf6a
	At position: 1
	leftTip: 1 rightTip: 0
	Suspicious: 0
	Short ext: 0
	Mean extensions: 1
	Avg overlap len: 1118
	Min overlap len: 1118
	Inner reads: 0
	Length: 6137
[2023-05-31 15:46:17] DEBUG: Inner: 32 covered: 106 total: 216
[2023-05-31 15:46:17] DEBUG: Assembled disjointig 4
	With 1 reads
	Start read: +e2a550cd-9f58-4506-afad-ffa09b56d31f:1-3120
	At position: 1
	leftTip: 1 rightTip: 1
	Suspicious: 0
	Short ext: 0
	Mean extensions: 0
	Avg overlap len: 0
	Min overlap len: 0
	Inner reads: 0
	Length: 3120
[2023-05-31 15:46:17] DEBUG: Inner: 36 covered: 128 total: 216
[2023-05-31 15:46:17] DEBUG: Assembled disjointig 5
	With 1 reads
	Start read: +7058ee45-7ba6-44eb-b137-50cef41bd356:112-4416
	At position: 1
	leftTip: 1 rightTip: 1
	Suspicious: 0
	Short ext: 0
	Mean extensions: 0
	Avg overlap len: 0
	Min overlap len: 0
	Inner reads: 0
	Length: 4305
[2023-05-31 15:46:17] DEBUG: Inner: 40 covered: 212 total: 216
[2023-05-31 15:46:17] INFO: Assembled 5 disjointigs
[2023-05-31 15:46:17] INFO: Generating sequence
[2023-05-31 15:46:17] DEBUG: Building positional index
[2023-05-31 15:46:17] DEBUG: Total sequence: 31069 bp
[2023-05-31 15:46:17] DEBUG: Mean k-mer frequency: 1.96285
[2023-05-31 15:46:17] DEBUG: Repetitive k-mer frequency: 196
[2023-05-31 15:46:17] DEBUG: Filtered 0 repetitive k-mers (0)
[2023-05-31 15:46:17] DEBUG: Sorting k-mer index
[2023-05-31 15:46:17] DEBUG: Selected k-mers: 5248
[2023-05-31 15:46:17] DEBUG: K-mer index size: 10303
[2023-05-31 15:46:17] DEBUG: Mean k-mer frequency: 1.96322
[2023-05-31 15:46:17] DEBUG: Minimizer rate: 3.01553
[2023-05-31 15:46:17] INFO: Filtering contained disjointigs
[2023-05-31 15:46:17] DEBUG: Computing transitive closure for overlaps
[2023-05-31 15:46:18] DEBUG: Found 8 overlaps
[2023-05-31 15:46:18] DEBUG: Left 8 overlaps after filtering
[2023-05-31 15:46:18] INFO: Contained seqs: 0
[2023-05-31 15:46:18] DEBUG: Writing FASTA
[2023-05-31 15:46:18] DEBUG: Peak RAM usage: 0 Gb
-----------End assembly log------------
[2023-05-31 15:46:18] root: DEBUG: Disjointigs length: 31069, N50: 6153
[2023-05-31 15:46:18] root: INFO: >>>STAGE: consensus
[2023-05-31 15:46:18] root: INFO: Running Minimap2
[2023-05-31 15:46:18] root: INFO: Computing consensus
[2023-05-31 15:46:19] root: INFO: Alignment error rate: 0.073645
[2023-05-31 15:46:19] root: INFO: >>>STAGE: repeat
[2023-05-31 15:46:19] root: INFO: Building and resolving repeat graph
[2023-05-31 15:46:19] root: DEBUG: -----Begin repeat analyser log------
[2023-05-31 15:46:19] root: DEBUG: Running: flye-modules repeat --disjointigs /home/genomics/gleberre/FullPipeline/workflow/FlyeResults/fastq_runid_211/10-consensus/consensus.fasta --reads /home/genomics/gleberre/FullPipeline/workflow/AssemblyFasta/fastq_runid_211FastaForAssembly-@-Removed.fasta --out-dir /home/genomics/gleberre/FullPipeline/workflow/FlyeResults/fastq_runid_211/20-repeat --config /home/genomics/gleberre/FullPipeline/workflow/.snakemake/conda/9e5df895d7c6b39bccbbcd9f6c0c0fc3_/lib/python3.10/site-packages/flye/config/bin_cfg/asm_corrected_reads.cfg --log /home/genomics/gleberre/FullPipeline/workflow/FlyeResults/fastq_runid_211/flye.log --threads 8 --min-ovlp 1000
[2023-05-31 15:46:19] DEBUG: Build date: May 16 2023 07:10:26
[2023-05-31 15:46:19] DEBUG: Total RAM: 188 Gb
[2023-05-31 15:46:19] DEBUG: Available RAM: 44 Gb
[2023-05-31 15:46:19] DEBUG: Total CPUs: 128
[2023-05-31 15:46:19] DEBUG: Loading /home/genomics/gleberre/FullPipeline/workflow/.snakemake/conda/9e5df895d7c6b39bccbbcd9f6c0c0fc3_/lib/python3.10/site-packages/flye/config/bin_cfg/asm_corrected_reads.cfg
[2023-05-31 15:46:19] DEBUG: Loading /home/genomics/gleberre/FullPipeline/workflow/.snakemake/conda/9e5df895d7c6b39bccbbcd9f6c0c0fc3_/lib/python3.10/site-packages/flye/config/bin_cfg/asm_defaults.cfg
[2023-05-31 15:46:19] DEBUG: 	big_genome_threshold=29000000
[2023-05-31 15:46:19] DEBUG: 	meta_read_filter_kmer_freq=100
[2023-05-31 15:46:19] DEBUG: 	chain_large_gap_penalty=2
[2023-05-31 15:46:19] DEBUG: 	chain_small_gap_penalty=0.5
[2023-05-31 15:46:19] DEBUG: 	chain_gap_jump_threshold=100
[2023-05-31 15:46:19] DEBUG: 	max_coverage_drop_rate=5
[2023-05-31 15:46:19] DEBUG: 	max_extensions_drop_rate=5
[2023-05-31 15:46:19] DEBUG: 	chimera_window=100
[2023-05-31 15:46:19] DEBUG: 	chimera_overhang=1000
[2023-05-31 15:46:19] DEBUG: 	min_reads_in_disjointig=4
[2023-05-31 15:46:19] DEBUG: 	max_inner_reads=10
[2023-05-31 15:46:19] DEBUG: 	max_inner_fraction=0.25
[2023-05-31 15:46:19] DEBUG: 	max_separation=500
[2023-05-31 15:46:19] DEBUG: 	unique_edge_length=50000
[2023-05-31 15:46:19] DEBUG: 	min_repeat_res_support=0.51
[2023-05-31 15:46:19] DEBUG: 	out_paths_ratio=5
[2023-05-31 15:46:19] DEBUG: 	graph_cov_drop_rate=5
[2023-05-31 15:46:19] DEBUG: 	coverage_estimate_window=100
[2023-05-31 15:46:19] DEBUG: 	max_bubble_length=50000
[2023-05-31 15:46:19] DEBUG: 	loop_coverage_rate=1.5
[2023-05-31 15:46:19] DEBUG: 	repeat_edge_cov_mult=1.75
[2023-05-31 15:46:19] DEBUG: 	weak_detach_rate=5
[2023-05-31 15:46:19] DEBUG: 	tip_coverage_rate=2
[2023-05-31 15:46:19] DEBUG: 	tip_length_rate=2
[2023-05-31 15:46:19] DEBUG: 	output_gfa_before_rr=0
[2023-05-31 15:46:19] DEBUG: 	remove_alt_edges=0
[2023-05-31 15:46:19] DEBUG: 	low_cutoff_warning=0
[2023-05-31 15:46:19] DEBUG: 	kmer_size=17
[2023-05-31 15:46:19] DEBUG: 	use_minimizers=1
[2023-05-31 15:46:19] DEBUG: 	minimizer_window=5
[2023-05-31 15:46:19] DEBUG: 	reads_base_alignment=1
[2023-05-31 15:46:19] DEBUG: 	meta_read_top_kmer_rate=0.75
[2023-05-31 15:46:19] DEBUG: 	maximum_jump=1500
[2023-05-31 15:46:19] DEBUG: 	maximum_overhang=500
[2023-05-31 15:46:19] DEBUG: 	repeat_kmer_rate=100
[2023-05-31 15:46:19] DEBUG: 	assemble_ovlp_divergence=0.03
[2023-05-31 15:46:19] DEBUG: 	assemble_divergence_relative=1
[2023-05-31 15:46:19] DEBUG: 	repeat_graph_ovlp_divergence=0.03
[2023-05-31 15:46:19] DEBUG: 	read_align_ovlp_divergence=0.10
[2023-05-31 15:46:19] DEBUG: 	hpc_scoring_on=1
[2023-05-31 15:46:19] DEBUG: 	add_unassembled_reads=0
[2023-05-31 15:46:19] DEBUG: 	extend_contigs_with_repeats=0
[2023-05-31 15:46:19] DEBUG: 	min_read_cov_cutoff=3
[2023-05-31 15:46:19] DEBUG: 	short_tip_length=10000
[2023-05-31 15:46:19] DEBUG: 	long_tip_length=100000
[2023-05-31 15:46:19] DEBUG: Running with k-mer size: 17
[2023-05-31 15:46:19] DEBUG: Selected minimum overlap 1000
[2023-05-31 15:46:19] DEBUG: Metagenome mode: N
[2023-05-31 15:46:19] INFO: Parsing disjointigs
[2023-05-31 15:46:19] DEBUG: Building positional index
[2023-05-31 15:46:19] DEBUG: Total sequence: 28848 bp
[2023-05-31 15:46:19] INFO: Building repeat graph
[2023-05-31 15:46:19] DEBUG: Mean k-mer frequency: 2.03369
[2023-05-31 15:46:19] DEBUG: Repetitive k-mer frequency: 203
[2023-05-31 15:46:19] DEBUG: Filtered 0 repetitive k-mers (0)
[2023-05-31 15:46:19] DEBUG: Sorting k-mer index
[2023-05-31 15:46:19] DEBUG: Selected k-mers: 4719
[2023-05-31 15:46:19] DEBUG: K-mer index size: 9599
[2023-05-31 15:46:19] DEBUG: Mean k-mer frequency: 2.03412
[2023-05-31 15:46:19] DEBUG: Minimizer rate: 3.00531
[2023-05-31 15:46:19] DEBUG: Computing transitive closure for overlaps
[2023-05-31 15:46:19] DEBUG: Found 16 overlaps
[2023-05-31 15:46:19] DEBUG: Left 8 overlaps after filtering
[2023-05-31 15:46:19] INFO: Median overlap divergence: 0.221063
[2023-05-31 15:46:19] DEBUG: Sequence divergence distribution: 

    |      |    *        *                       *               *                                       
    |      |    *        *                       *               *                                       
    |      |    *        *                       *               *                                       
    |      |    *        *                       *               *                                       
    |      |    *        *                       *               *                                       
    |      |    *        *                       *               *                                       
    |      |    *        *                       *               *                                       
    |      |    *        *                       *               *                                       
    |      |    *        *                       *               *                                       
    |      |    *        *                       *               *                                       
    |      |    *        *                       *               *                                       
    |      |    *        *                       *               *                                       
    |      |    *        *                       *               *                                       
    |      |    *        *                       *               *                                       
    |      |    *        *                       *               *                                       
    |      |    *        *                       *               *                                       
    |      |    *        *                       *               *                                       
    |      |    *        *                       *               *                                       
    |      |    *        *                       *               *                                       
    |      |    *        *                       *               *                                       
    ----------------------------------------------------------------------------------------------------
    0%        5%        10%       15%       20%       25%       30%       35%       40%       45%       

    Q25 = 0.1, Q50 = 0.22, Q75 = 0.3

[2023-05-31 15:46:19] DEBUG: Computing gluepoints
[2023-05-31 15:46:19] DEBUG: Added 0 gluepoint projections
[2023-05-31 15:46:19] DEBUG: Created 28 gluepoints
[2023-05-31 15:46:19] DEBUG: Artificial loops removed: 0 left, 0 right, 0 both
[2023-05-31 15:46:19] DEBUG: Initializing edges
[2023-05-31 15:46:19] DEBUG: Edges length checksum: 189049818
[2023-05-31 15:46:19] DEBUG: Filtered 0 singleton segments
[2023-05-31 15:46:19] DEBUG: Removed 0 simple and 0 double chimeric junctions
[2023-05-31 15:46:19] DEBUG: Collapsed 0 edges
[2023-05-31 15:46:19] DEBUG: *	1	+disjointig_1	0	3388	3388	
[2023-05-31 15:46:19] DEBUG: *	2	+disjointig_2	0	11929	11929	
[2023-05-31 15:46:19] DEBUG:  	3	+disjointig_3	7	1372	1365	
[2023-05-31 15:46:19] DEBUG: *	4	+disjointig_3	1372	2555	1183	
[2023-05-31 15:46:19] DEBUG:  	3	+disjointig_3	2555	3874	1319	
[2023-05-31 15:46:19] DEBUG: *	5	+disjointig_3	3874	5032	1158	
[2023-05-31 15:46:19] DEBUG:  	3	+disjointig_3	5032	6147	1115	
[2023-05-31 15:46:19] DEBUG: *	6	+disjointig_4	0	3185	3185	
[2023-05-31 15:46:19] DEBUG: *	7	+disjointig_5	0	4188	4188	
[2023-05-31 15:46:19] DEBUG: Total edges: 7
[2023-05-31 15:46:19] INFO: Parsing reads
[2023-05-31 15:46:19] DEBUG: Building positional index
[2023-05-31 15:46:19] DEBUG: Total sequence: 1121905 bp
[2023-05-31 15:46:19] DEBUG: Building positional index
[2023-05-31 15:46:19] DEBUG: Total sequence: 28830 bp
[2023-05-31 15:46:19] INFO: Aligning reads to the graph
[2023-05-31 15:46:19] DEBUG: Mean k-mer frequency: 2.0329
[2023-05-31 15:46:19] DEBUG: Repetitive k-mer frequency: 203
[2023-05-31 15:46:19] DEBUG: Filtered 0 repetitive k-mers (0)
[2023-05-31 15:46:19] DEBUG: Sorting k-mer index
[2023-05-31 15:46:19] DEBUG: Selected k-mers: 4710
[2023-05-31 15:46:19] DEBUG: K-mer index size: 9577
[2023-05-31 15:46:19] DEBUG: Mean k-mer frequency: 2.03333
[2023-05-31 15:46:19] DEBUG: Minimizer rate: 3.01034
[2023-05-31 15:46:19] DEBUG: Total reads : 108
[2023-05-31 15:46:19] DEBUG: Read with aligned parts : 13
[2023-05-31 15:46:19] DEBUG: Aligned in one piece : 13
[2023-05-31 15:46:19] INFO: Aligned read sequence: 41059 / 253403 (0.16203)
[2023-05-31 15:46:19] INFO: Median overlap divergence: 0.187196
[2023-05-31 15:46:19] DEBUG: Sequence divergence distribution: 

    |               *    |                                                                               
    |               *    |                                                                               
    |               *    |                                                                               
    |               *    |                                                                               
    |               *    |                                                                               
    |               *    |                                                                               
    |      *   *   ** *  |           **          *                                                       
    |      *   *   ** *  |           **          *                                                       
    |      *   *   ** *  |           **          *                                                       
    |      *   *   ** *  |           **          *                                                       
    |      *   *   ** *  |           **          *                                                       
    |      *   *   ** *  |           **          *                                                       
    |      *   *   ** *  |           **          *                                                       
    |      * * * * ** *  *   * *    ****  ***  *** **   ** *      ** ** **     ** *      *               
    |      * * * * ** *  *   * *    ****  ***  *** **   ** *      ** ** **     ** *      *               
    |      * * * * ** *  *   * *    ****  ***  *** **   ** *      ** ** **     ** *      *               
    |      * * * * ** *  *   * *    ****  ***  *** **   ** *      ** ** **     ** *      *               
    |      * * * * ** *  *   * *    ****  ***  *** **   ** *      ** ** **     ** *      *               
    |      * * * * ** *  *   * *    ****  ***  *** **   ** *      ** ** **     ** *      *               
    |      * * * * ** *  *   * *    ****  ***  *** **   ** *      ** ** **     ** *      *               
    ----------------------------------------------------------------------------------------------------
    0%        5%        10%       15%       20%       25%       30%       35%       40%       45%       

    Q25 = 0.088, Q50 = 0.19, Q75 = 0.27

[2023-05-31 15:46:19] INFO: Mean edge coverage: 1
[2023-05-31 15:46:19] DEBUG: 1	len:3388	cov:1	mult:1
[2023-05-31 15:46:19] DEBUG: -1	len:3388	cov:1	mult:1
[2023-05-31 15:46:19] DEBUG: 2	len:11929	cov:1	mult:1
[2023-05-31 15:46:19] DEBUG: -2	len:11929	cov:1	mult:1
[2023-05-31 15:46:19] DEBUG: 3	len:1266	cov:5	mult:5
[2023-05-31 15:46:19] DEBUG: -3	len:1266	cov:5	mult:5
[2023-05-31 15:46:19] DEBUG: 4	len:1183	cov:4	mult:4
[2023-05-31 15:46:19] DEBUG: -4	len:1183	cov:4	mult:4
[2023-05-31 15:46:19] DEBUG: 5	len:1158	cov:1	mult:1
[2023-05-31 15:46:19] DEBUG: -5	len:1158	cov:1	mult:1
[2023-05-31 15:46:19] DEBUG: 6	len:3185	cov:2	mult:2
[2023-05-31 15:46:19] DEBUG: -6	len:3185	cov:2	mult:2
[2023-05-31 15:46:19] DEBUG: 7	len:4188	cov:1	mult:1
[2023-05-31 15:46:19] DEBUG: -7	len:4188	cov:1	mult:1
[2023-05-31 15:46:19] DEBUG: Unique coverage threshold 1
[2023-05-31 15:46:19] INFO: Simplifying the graph
[2023-05-31 15:46:19] DEBUG: Read coverage cutoff: 3
[2023-05-31 15:46:19] DEBUG: [SIMPL] Removed 4 paths with low coverage
[2023-05-31 15:46:19] DEBUG: [SIMPL] Masked 0 heterozygous loops
[2023-05-31 15:46:19] DEBUG: Regular bubble: {3,1266,5} {3,1266,5}
[2023-05-31 15:46:19] DEBUG: 	Internal: {5,1158,1} {4,1183,4}
[2023-05-31 15:46:19] DEBUG: [SIMPL] Masked 1 simple bubbles
[2023-05-31 15:46:19] DEBUG: Finding repeats
[2023-05-31 15:46:19] DEBUG: Read coverage cutoff: 3
[2023-05-31 15:46:19] DEBUG: Low-coverage: 5 1
[2023-05-31 15:46:19] DEBUG: High-cov: 3	1266	5
[2023-05-31 15:46:19] DEBUG: High-cov: 4	1183	4
[2023-05-31 15:46:19] DEBUG: Haplo-edge: 4
[2023-05-31 15:46:19] DEBUG: Haplo-edge: 5
[2023-05-31 15:46:19] DEBUG: Repeat detection iteration 1
[2023-05-31 15:46:19] DEBUG: Writing Dot
[2023-05-31 15:46:19] DEBUG: Writing FASTA
[2023-05-31 15:46:19] DEBUG: [SIMPL] == Iteration 1 ==
[2023-05-31 15:46:19] DEBUG: Splitting nodes
[2023-05-31 15:46:19] DEBUG: [SIMPL] Split 0 nodes
[2023-05-31 15:46:19] DEBUG: [SIMPL] Clipped 0 short and 0 long tips
[2023-05-31 15:46:19] DEBUG: [SIMPL] Masked 0 heterozygous loops
[2023-05-31 15:46:19] DEBUG: Regular bubble: {3,1266,5} {3,1266,5}
[2023-05-31 15:46:19] DEBUG: 	Internal: {5,1158,1} {4,1183,4}
[2023-05-31 15:46:19] DEBUG: [SIMPL] Masked 1 simple bubbles
[2023-05-31 15:46:19] DEBUG: Finding repeats
[2023-05-31 15:46:19] DEBUG: Read coverage cutoff: 3
[2023-05-31 15:46:19] DEBUG: Low-coverage: 5 1
[2023-05-31 15:46:19] DEBUG: High-cov: 3	1266	5
[2023-05-31 15:46:19] DEBUG: High-cov: 4	1183	4
[2023-05-31 15:46:19] DEBUG: Haplo-edge: 4
[2023-05-31 15:46:19] DEBUG: Haplo-edge: 5
[2023-05-31 15:46:19] DEBUG: Repeat detection iteration 1
[2023-05-31 15:46:19] DEBUG: Total unique edges: 0
[2023-05-31 15:46:19] DEBUG: [SIMPL] Resolved repeats: 0
[2023-05-31 15:46:19] DEBUG: RR links: 0
[2023-05-31 15:46:19] DEBUG: Unresolved: 0
[2023-05-31 15:46:19] DEBUG: Removed 0 simple and 0 double chimeric junctions
[2023-05-31 15:46:19] DEBUG: [SIMPL] Collapsed 1 haplotypes
[2023-05-31 15:46:19] DEBUG: [SIMPL] Resolved 0 simple repeats
[2023-05-31 15:46:19] DEBUG: Read coverage cutoff: 3
[2023-05-31 15:46:19] DEBUG: [SIMPL] Removed 0 paths with low coverage
[2023-05-31 15:46:19] DEBUG: Finding repeats
[2023-05-31 15:46:19] DEBUG: Read coverage cutoff: 3
[2023-05-31 15:46:19] DEBUG: Low-coverage: 5 1
[2023-05-31 15:46:19] DEBUG: High-cov: 8 -> 3	2424	5
[2023-05-31 15:46:19] DEBUG: Short-loop: 8 -> 3
[2023-05-31 15:46:19] DEBUG: High-cov: 4	1183	4
[2023-05-31 15:46:19] DEBUG: Haplo-edge: 4
[2023-05-31 15:46:19] DEBUG: Haplo-edge: 5
[2023-05-31 15:46:19] DEBUG: Repeat detection iteration 1
[2023-05-31 15:46:19] DEBUG: Writing Dot
[2023-05-31 15:46:19] DEBUG: Writing FASTA
[2023-05-31 15:46:19] DEBUG: Peak RAM usage: 0 Gb
-----------End assembly log------------
[2023-05-31 15:46:19] root: INFO: >>>STAGE: contigger
[2023-05-31 15:46:19] root: INFO: Generating contigs
[2023-05-31 15:46:19] root: DEBUG: -----Begin contigger analyser log------
[2023-05-31 15:46:19] root: DEBUG: Running: flye-modules contigger --graph-edges /home/genomics/gleberre/FullPipeline/workflow/FlyeResults/fastq_runid_211/20-repeat/repeat_graph_edges.fasta --reads /home/genomics/gleberre/FullPipeline/workflow/AssemblyFasta/fastq_runid_211FastaForAssembly-@-Removed.fasta --out-dir /home/genomics/gleberre/FullPipeline/workflow/FlyeResults/fastq_runid_211/30-contigger --config /home/genomics/gleberre/FullPipeline/workflow/.snakemake/conda/9e5df895d7c6b39bccbbcd9f6c0c0fc3_/lib/python3.10/site-packages/flye/config/bin_cfg/asm_corrected_reads.cfg --repeat-graph /home/genomics/gleberre/FullPipeline/workflow/FlyeResults/fastq_runid_211/20-repeat/repeat_graph_dump --graph-aln /home/genomics/gleberre/FullPipeline/workflow/FlyeResults/fastq_runid_211/20-repeat/read_alignment_dump --log /home/genomics/gleberre/FullPipeline/workflow/FlyeResults/fastq_runid_211/flye.log --threads 8 --min-ovlp 1000
[2023-05-31 15:46:19] DEBUG: Build date: May 16 2023 07:10:57
[2023-05-31 15:46:19] DEBUG: Total RAM: 188 Gb
[2023-05-31 15:46:19] DEBUG: Available RAM: 44 Gb
[2023-05-31 15:46:19] DEBUG: Total CPUs: 128
[2023-05-31 15:46:19] DEBUG: Loading /home/genomics/gleberre/FullPipeline/workflow/.snakemake/conda/9e5df895d7c6b39bccbbcd9f6c0c0fc3_/lib/python3.10/site-packages/flye/config/bin_cfg/asm_corrected_reads.cfg
[2023-05-31 15:46:19] DEBUG: Loading /home/genomics/gleberre/FullPipeline/workflow/.snakemake/conda/9e5df895d7c6b39bccbbcd9f6c0c0fc3_/lib/python3.10/site-packages/flye/config/bin_cfg/asm_defaults.cfg
[2023-05-31 15:46:19] DEBUG: 	big_genome_threshold=29000000
[2023-05-31 15:46:19] DEBUG: 	meta_read_filter_kmer_freq=100
[2023-05-31 15:46:19] DEBUG: 	chain_large_gap_penalty=2
[2023-05-31 15:46:19] DEBUG: 	chain_small_gap_penalty=0.5
[2023-05-31 15:46:19] DEBUG: 	chain_gap_jump_threshold=100
[2023-05-31 15:46:19] DEBUG: 	max_coverage_drop_rate=5
[2023-05-31 15:46:19] DEBUG: 	max_extensions_drop_rate=5
[2023-05-31 15:46:19] DEBUG: 	chimera_window=100
[2023-05-31 15:46:19] DEBUG: 	chimera_overhang=1000
[2023-05-31 15:46:19] DEBUG: 	min_reads_in_disjointig=4
[2023-05-31 15:46:19] DEBUG: 	max_inner_reads=10
[2023-05-31 15:46:19] DEBUG: 	max_inner_fraction=0.25
[2023-05-31 15:46:19] DEBUG: 	max_separation=500
[2023-05-31 15:46:19] DEBUG: 	unique_edge_length=50000
[2023-05-31 15:46:19] DEBUG: 	min_repeat_res_support=0.51
[2023-05-31 15:46:19] DEBUG: 	out_paths_ratio=5
[2023-05-31 15:46:19] DEBUG: 	graph_cov_drop_rate=5
[2023-05-31 15:46:19] DEBUG: 	coverage_estimate_window=100
[2023-05-31 15:46:19] DEBUG: 	max_bubble_length=50000
[2023-05-31 15:46:19] DEBUG: 	loop_coverage_rate=1.5
[2023-05-31 15:46:19] DEBUG: 	repeat_edge_cov_mult=1.75
[2023-05-31 15:46:19] DEBUG: 	weak_detach_rate=5
[2023-05-31 15:46:19] DEBUG: 	tip_coverage_rate=2
[2023-05-31 15:46:19] DEBUG: 	tip_length_rate=2
[2023-05-31 15:46:19] DEBUG: 	output_gfa_before_rr=0
[2023-05-31 15:46:19] DEBUG: 	remove_alt_edges=0
[2023-05-31 15:46:19] DEBUG: 	low_cutoff_warning=0
[2023-05-31 15:46:19] DEBUG: 	kmer_size=17
[2023-05-31 15:46:19] DEBUG: 	use_minimizers=1
[2023-05-31 15:46:19] DEBUG: 	minimizer_window=5
[2023-05-31 15:46:19] DEBUG: 	reads_base_alignment=1
[2023-05-31 15:46:19] DEBUG: 	meta_read_top_kmer_rate=0.75
[2023-05-31 15:46:19] DEBUG: 	maximum_jump=1500
[2023-05-31 15:46:19] DEBUG: 	maximum_overhang=500
[2023-05-31 15:46:19] DEBUG: 	repeat_kmer_rate=100
[2023-05-31 15:46:19] DEBUG: 	assemble_ovlp_divergence=0.03
[2023-05-31 15:46:19] DEBUG: 	assemble_divergence_relative=1
[2023-05-31 15:46:19] DEBUG: 	repeat_graph_ovlp_divergence=0.03
[2023-05-31 15:46:19] DEBUG: 	read_align_ovlp_divergence=0.10
[2023-05-31 15:46:19] DEBUG: 	hpc_scoring_on=1
[2023-05-31 15:46:19] DEBUG: 	add_unassembled_reads=0
[2023-05-31 15:46:19] DEBUG: 	extend_contigs_with_repeats=0
[2023-05-31 15:46:19] DEBUG: 	min_read_cov_cutoff=3
[2023-05-31 15:46:19] DEBUG: 	short_tip_length=10000
[2023-05-31 15:46:19] DEBUG: 	long_tip_length=100000
[2023-05-31 15:46:19] DEBUG: Running with k-mer size: 17
[2023-05-31 15:46:19] DEBUG: Selected minimum overlap 1000
[2023-05-31 15:46:19] INFO: Reading sequences
[2023-05-31 15:46:19] DEBUG: Building positional index
[2023-05-31 15:46:19] DEBUG: Total sequence: 1121905 bp
[2023-05-31 15:46:19] DEBUG: Flipped 0
[2023-05-31 15:46:19] DEBUG: UPath 1: 8 -> 3
[2023-05-31 15:46:19] DEBUG: UPath 2: 4
[2023-05-31 15:46:19] DEBUG: UPath 3: 5
[2023-05-31 15:46:19] DEBUG: Final graph contains 3 egdes
[2023-05-31 15:46:19] DEBUG: Extending contigs into repeats
[2023-05-31 15:46:19] DEBUG: Covered 0 repetitive contigs
[2023-05-31 15:46:19] INFO: Generated 3 contigs
[2023-05-31 15:46:19] DEBUG: Writing FASTA
[2023-05-31 15:46:19] DEBUG: Generating scaffold connections
[2023-05-31 15:46:19] INFO: Added 0 scaffold connections
[2023-05-31 15:46:19] DEBUG: Writing Dot
[2023-05-31 15:46:19] DEBUG: Writing FASTA
[2023-05-31 15:46:19] DEBUG: Writing Gfa
[2023-05-31 15:46:19] DEBUG: Peak RAM usage: 0 Gb
-----------End assembly log------------
[2023-05-31 15:46:19] root: INFO: >>>STAGE: polishing
[2023-05-31 15:46:19] root: INFO: Polishing genome (1/1)
[2023-05-31 15:46:19] root: INFO: Running minimap2
[2023-05-31 15:46:20] root: INFO: Separating alignment into bubbles
[2023-05-31 15:46:20] root: DEBUG: Generated 72 bubbles
[2023-05-31 15:46:20] root: DEBUG: Split 4 long bubbles
[2023-05-31 15:46:20] root: DEBUG: Skipped 5 empty bubbles
[2023-05-31 15:46:20] root: DEBUG: Skipped 1 bubbles with long branches
[2023-05-31 15:46:20] root: INFO: Alignment error rate: 0.201625
[2023-05-31 15:46:20] root: INFO: Correcting bubbles
[2023-05-31 15:47:16] root: DEBUG: Mean contig coverage: 15, selected threshold: 3
[2023-05-31 15:47:16] root: DEBUG: Filtered 0 contigs of total length 0
[2023-05-31 15:47:16] root: DEBUG: Generating polished GFA
[2023-05-31 15:47:17] root: DEBUG: 0 sequences remained unpolished
[2023-05-31 15:47:17] root: INFO: >>>STAGE: finalize
[2023-05-31 15:47:17] root: DEBUG: ---Output dir contents:----
[2023-05-31 15:47:17] root: DEBUG: fastq_runid_211/
[2023-05-31 15:47:17] root: DEBUG:     32.0 K      flye.log
[2023-05-31 15:47:17] root: DEBUG:     92.0 B      params.json
[2023-05-31 15:47:17] root: DEBUG:     681.0 B     assembly_graph.gv
[2023-05-31 15:47:17] root: DEBUG:     5.0 K       assembly_graph.gfa
[2023-05-31 15:47:17] root: DEBUG:     4.0 K       assembly.fasta
[2023-05-31 15:47:17] root: DEBUG:     00-assembly/
[2023-05-31 15:47:17] root: DEBUG:         30.0 K      draft_assembly.fasta
[2023-05-31 15:47:17] root: DEBUG:         147.0 B     draft_assembly.fasta.fai
[2023-05-31 15:47:17] root: DEBUG:     10-consensus/
[2023-05-31 15:47:17] root: DEBUG:         1014.0 B    minimap.stderr
[2023-05-31 15:47:17] root: DEBUG:         416.0 B     minimap.bam.bai
[2023-05-31 15:47:17] root: DEBUG:         28.0 K      consensus.fasta
[2023-05-31 15:47:17] root: DEBUG:     20-repeat/
[2023-05-31 15:47:17] root: DEBUG:         535.0 B     graph_before_rr.gv
[2023-05-31 15:47:17] root: DEBUG:         3.0 K       graph_before_rr.fasta
[2023-05-31 15:47:17] root: DEBUG:         832.0 B     graph_after_rr.gv
[2023-05-31 15:47:17] root: DEBUG:         909.0 B     repeat_graph_dump
[2023-05-31 15:47:17] root: DEBUG:         5.0 K       read_alignment_dump
[2023-05-31 15:47:17] root: DEBUG:         29.0 K      repeat_graph_edges.fasta
[2023-05-31 15:47:17] root: DEBUG:     30-contigger/
[2023-05-31 15:47:17] root: DEBUG:         4.0 K       contigs.fasta
[2023-05-31 15:47:17] root: DEBUG:         170.0 B     contigs_stats.txt
[2023-05-31 15:47:17] root: DEBUG:         0.0 B       scaffolds_links.txt
[2023-05-31 15:47:17] root: DEBUG:         681.0 B     graph_final.gv
[2023-05-31 15:47:17] root: DEBUG:         4.0 K       graph_final.fasta
[2023-05-31 15:47:17] root: DEBUG:         4.0 K       graph_final.gfa
[2023-05-31 15:47:17] root: DEBUG:         73.0 B      contigs.fasta.fai
[2023-05-31 15:47:17] root: DEBUG:     40-polishing/
[2023-05-31 15:47:17] root: DEBUG:         946.0 B     minimap.stderr
[2023-05-31 15:47:17] root: DEBUG:         256.0 B     minimap_1.bam.bai
[2023-05-31 15:47:17] root: DEBUG:         60.0 B      contigs_stats.txt
[2023-05-31 15:47:17] root: DEBUG:         463.0 B     base_coverage.bed.gz
[2023-05-31 15:47:17] root: DEBUG:         4.0 K       filtered_contigs.fasta
[2023-05-31 15:47:17] root: DEBUG:         60.0 B      filtered_stats.txt
[2023-05-31 15:47:17] root: DEBUG:         48.0 B      filtered_contigs.fasta.fai
[2023-05-31 15:47:17] root: DEBUG:         176.0 B     edges_aln.bam.bai
[2023-05-31 15:47:17] root: DEBUG:         5.0 K       polished_edges.gfa
[2023-05-31 15:47:17] root: DEBUG: --------------------------
[2023-05-31 15:47:17] root: INFO: Assembly statistics:

	Total length:	4791
	Fragments:	2
	Fragments N50:	2895
	Largest frg:	2895
	Scaffolds:	0
	Mean coverage:	15

[2023-05-31 15:47:17] root: INFO: Final assembly: /home/genomics/gleberre/FullPipeline/workflow/FlyeResults/fastq_runid_211/assembly.fasta
